#
# A fatal error has been detected by the Java Runtime Environment:
#
#  EXCEPTION_ACCESS_VIOLATION (0xc0000005) at pc=0x00000000664cd829, pid=17952, tid=0x0000000000003100
#
# JRE version: Java(TM) SE Runtime Environment (8.0_191-b12) (build 1.8.0_191-b12)
# Java VM: Java HotSpot(TM) 64-Bit Server VM (25.191-b12 mixed mode windows-amd64 compressed oops)
# Problematic frame:
# V  [jvm.dll+0xad829]
#
# Failed to write core dump. Minidumps are not enabled by default on client versions of Windows
#
# If you would like to submit a bug report, please visit:
#   http://bugreport.java.com/bugreport/crash.jsp
#

---------------  T H R E A D  ---------------

Current thread (0x0000000019674000):  JavaThread "C1 CompilerThread3" daemon [_thread_in_native, id=12544, stack(0x000000001a0e0000,0x000000001a1e0000)]

siginfo: ExceptionCode=0xc0000005, reading address 0xffffffffffffffff

Registers:
RAX=0x800000001e6dbe40, RBX=0x000000001a1defd0, RCX=0x000000001e6df6d0, RDX=0x000000001a1deed8
RSP=0x000000001a1dedb0, RBP=0x000000001a1dee19, RSI=0x000000001e6dbe40, RDI=0x000000001e6df6d0
R8 =0x000000001e6da600, R9 =0x0000000000000085, R10=0x000000000000000d, R11=0x000000000000000b
R12=0x000000001a1deed8, R13=0x000000001e6e8b80, R14=0x0000000000000000, R15=0x000000001e7aac50
RIP=0x00000000664cd829, EFLAGS=0x0000000000010202

Top of Stack: (sp=0x000000001a1dedb0)
0x000000001a1dedb0:   000000000000000b 000000001e6da600
0x000000001a1dedc0:   000000001723a328 000000006646828a
0x000000001a1dedd0:   0000000000000000 000000001a604800
0x000000001a1dede0:   0000000000000000 0000000000000000
0x000000001a1dedf0:   000000001e6df590 000000000000000b
0x000000001a1dee00:   000000000000006c 000000001a1def90
0x000000001a1dee10:   000000000000006c 000000001a1def90
0x000000001a1dee20:   0000000000000000 000000006644fc00
0x000000001a1dee30:   0000000000000000 00000001000bd400
0x000000001a1dee40:   000000001e7aadd0 000000000000000b
0x000000001a1dee50:   0000000019611001 000000006650dcbb
0x000000001a1dee60:   000000001e6e8b80 0000000000000000
0x000000001a1dee70:   000000001a1deeb9 00000000664cdb04
0x000000001a1dee80:   000000001a1defd0 000000001e6dbe40
0x000000001a1dee90:   0000000000000085 0000000066871f56
0x000000001a1deea0:   0000000000000000 000000006644fc00 

Instructions: (pc=0x00000000664cd829)
0x00000000664cd809:   10 48 89 7c 24 18 55 41 54 41 55 48 8d 6c 24 b9
0x00000000664cd819:   48 81 ec b0 00 00 00 48 8b 01 48 8b f9 4c 8b e2
0x00000000664cd829:   48 63 48 18 48 63 58 14 33 d2 48 c1 e1 03 45 8b
0x00000000664cd839:   e9 49 8b f0 e8 5e 04 04 00 48 8d 4d 07 4c 8b c3 


Register to memory mapping:

RAX=0x800000001e6dbe40 is an unknown value
RBX=0x000000001a1defd0 is pointing into the stack for thread: 0x0000000019674000
RCX=0x000000001e6df6d0 is an unknown value
RDX=0x000000001a1deed8 is pointing into the stack for thread: 0x0000000019674000
RSP=0x000000001a1dedb0 is pointing into the stack for thread: 0x0000000019674000
RBP=0x000000001a1dee19 is pointing into the stack for thread: 0x0000000019674000
RSI=0x000000001e6dbe40 is an unknown value
RDI=0x000000001e6df6d0 is an unknown value
R8 =0x000000001e6da600 is an unknown value
R9 =0x0000000000000085 is an unknown value
R10=0x000000000000000d is an unknown value
R11=0x000000000000000b is an unknown value
R12=0x000000001a1deed8 is pointing into the stack for thread: 0x0000000019674000
R13=0x000000001e6e8b80 is an unknown value
R14=0x0000000000000000 is an unknown value
R15=0x000000001e7aac50 is an unknown value


Stack: [0x000000001a0e0000,0x000000001a1e0000],  sp=0x000000001a1dedb0,  free space=1019k
Native frames: (J=compiled Java code, j=interpreted, Vv=VM code, C=native code)
V  [jvm.dll+0xad829]
V  [jvm.dll+0xadb04]
V  [jvm.dll+0x3a8d3]
V  [jvm.dll+0x3a8fe]
V  [jvm.dll+0x4259c2]
V  [jvm.dll+0x4220a5]
V  [jvm.dll+0x42259d]
V  [jvm.dll+0x422992]
V  [jvm.dll+0x427aa5]
V  [jvm.dll+0x427bb0]
V  [jvm.dll+0x4110f8]
V  [jvm.dll+0x411361]
V  [jvm.dll+0x411522]
V  [jvm.dll+0x4116f1]
V  [jvm.dll+0x4118ff]
V  [jvm.dll+0xa6c82]
V  [jvm.dll+0xa75cf]
V  [jvm.dll+0x2461df]
V  [jvm.dll+0x29eb9a]
C  [msvcr100.dll+0x21d9f]
C  [msvcr100.dll+0x21e3b]
C  [KERNEL32.DLL+0x17bd4]
C  [ntdll.dll+0x6ced1]


Current CompileTask:
C1:   3695 2399       3       org.springframework.core.annotation.AnnotationTypeMapping$MirrorSets$MirrorSet::resolve (243 bytes)


---------------  P R O C E S S  ---------------

Java Threads: ( => current thread )
  0x00000000196a6000 JavaThread "Service Thread" daemon [_thread_blocked, id=12880, stack(0x000000001a1e0000,0x000000001a2e0000)]
=>0x0000000019674000 JavaThread "C1 CompilerThread3" daemon [_thread_in_native, id=12544, stack(0x000000001a0e0000,0x000000001a1e0000)]
  0x0000000019668000 JavaThread "C2 CompilerThread2" daemon [_thread_in_native, id=2764, stack(0x0000000019fe0000,0x000000001a0e0000)]
  0x0000000019657800 JavaThread "C2 CompilerThread1" daemon [_thread_in_native, id=14980, stack(0x0000000019ee0000,0x0000000019fe0000)]
  0x0000000019613000 JavaThread "C2 CompilerThread0" daemon [_thread_in_native, id=15364, stack(0x0000000019de0000,0x0000000019ee0000)]
  0x0000000019610000 JavaThread "Attach Listener" daemon [_thread_blocked, id=14188, stack(0x0000000019ce0000,0x0000000019de0000)]
  0x000000001960f000 JavaThread "Signal Dispatcher" daemon [_thread_blocked, id=20068, stack(0x0000000019be0000,0x0000000019ce0000)]
  0x0000000019600800 JavaThread "Finalizer" daemon [_thread_blocked, id=11236, stack(0x00000000199e0000,0x0000000019ae0000)]
  0x00000000027eb000 JavaThread "Reference Handler" daemon [_thread_blocked, id=10736, stack(0x00000000194e0000,0x00000000195e0000)]
  0x00000000026f5800 JavaThread "main" [_thread_in_native, id=16164, stack(0x00000000025f0000,0x00000000026f0000)]

Other Threads:
  0x00000000176d9800 VMThread [stack: 0x00000000193e0000,0x00000000194e0000] [id=20328]
  0x00000000196d8800 WatcherThread [stack: 0x000000001a2e0000,0x000000001a3e0000] [id=19072]

VM state:not at safepoint (normal execution)

VM Mutex/Monitor currently owned by a thread: None

Heap:
 PSYoungGen      total 70656K, used 55387K [0x00000000d6300000, 0x00000000dad00000, 0x0000000100000000)
  eden space 65536K, 84% used [0x00000000d6300000,0x00000000d9916ce8,0x00000000da300000)
  from space 5120K, 0% used [0x00000000da800000,0x00000000da800000,0x00000000dad00000)
  to   space 5120K, 0% used [0x00000000da300000,0x00000000da300000,0x00000000da800000)
 ParOldGen       total 58368K, used 6533K [0x0000000082800000, 0x0000000086100000, 0x00000000d6300000)
  object space 58368K, 11% used [0x0000000082800000,0x0000000082e61650,0x0000000086100000)
 Metaspace       used 23520K, capacity 24452K, committed 24704K, reserved 1071104K
  class space    used 3114K, capacity 3351K, committed 3456K, reserved 1048576K

Card table byte_map: [0x0000000011bb0000,0x0000000011fa0000] byte_map_base: 0x000000001179c000

Marking Bits: (ParMarkBitMap*) 0x0000000066c43e30
 Begin Bits: [0x0000000012a40000, 0x00000000149a0000)
 End Bits:   [0x00000000149a0000, 0x0000000016900000)

Polling page: 0x00000000007f0000

CodeCache: size=245760Kb used=7539Kb max_used=7573Kb free=238220Kb
 bounds [0x00000000027f0000, 0x0000000002f60000, 0x00000000117f0000]
 total_blobs=2779 nmethods=2403 adapters=288
 compilation: enabled

Compilation events (10 events):
Event: 3.641 Thread 0x0000000019674000 nmethod 2396 0x0000000002f36290 code [0x0000000002f365e0, 0x0000000002f38098]
Event: 3.641 Thread 0x0000000019613000 nmethod 2328 0x0000000002f333d0 code [0x0000000002f33500, 0x0000000002f33578]
Event: 3.641 Thread 0x0000000019613000 2359       4       org.springframework.core.annotation.MergedAnnotationsCollection::isMappingForType (33 bytes)
Event: 3.643 Thread 0x0000000019613000 nmethod 2359 0x0000000002f32ed0 code [0x0000000002f33020, 0x0000000002f33208]
Event: 3.643 Thread 0x0000000019613000 2269       4       java.lang.StringBuilder::append (9 bytes)
Event: 3.643 Thread 0x0000000019674000 2397       3       org.springframework.core.type.classreading.SimpleAnnotationMetadataReadingVisitor$$Lambda$185/1281414889::accept (14 bytes)
Event: 3.644 Thread 0x0000000019674000 nmethod 2397 0x0000000002f4f710 code [0x0000000002f4f880, 0x0000000002f4fb88]
Event: 3.645 Thread 0x0000000019674000 2398   !   3       sun.net.www.protocol.jar.JarFileFactory::getPermission (21 bytes)
Event: 3.646 Thread 0x0000000019674000 nmethod 2398 0x0000000002f4f190 code [0x0000000002f4f320, 0x0000000002f4f5f8]
Event: 3.647 Thread 0x0000000019674000 2399       3       org.springframework.core.annotation.AnnotationTypeMapping$MirrorSets$MirrorSet::resolve (243 bytes)

GC Heap History (10 events):
Event: 0.875 GC heap before
{Heap before GC invocations=1 (full 0):
 PSYoungGen      total 37888K, used 32768K [0x00000000d6300000, 0x00000000d8d00000, 0x0000000100000000)
  eden space 32768K, 100% used [0x00000000d6300000,0x00000000d8300000,0x00000000d8300000)
  from space 5120K, 0% used [0x00000000d8800000,0x00000000d8800000,0x00000000d8d00000)
  to   space 5120K, 0% used [0x00000000d8300000,0x00000000d8300000,0x00000000d8800000)
 ParOldGen       total 86016K, used 0K [0x0000000082800000, 0x0000000087c00000, 0x00000000d6300000)
  object space 86016K, 0% used [0x0000000082800000,0x0000000082800000,0x0000000087c00000)
 Metaspace       used 9474K, capacity 9694K, committed 9984K, reserved 1058816K
  class space    used 1114K, capacity 1189K, committed 1280K, reserved 1048576K
Event: 0.880 GC heap after
Heap after GC invocations=1 (full 0):
 PSYoungGen      total 37888K, used 4900K [0x00000000d6300000, 0x00000000d8d00000, 0x0000000100000000)
  eden space 32768K, 0% used [0x00000000d6300000,0x00000000d6300000,0x00000000d8300000)
  from space 5120K, 95% used [0x00000000d8300000,0x00000000d87c9218,0x00000000d8800000)
  to   space 5120K, 0% used [0x00000000d8800000,0x00000000d8800000,0x00000000d8d00000)
 ParOldGen       total 86016K, used 16K [0x0000000082800000, 0x0000000087c00000, 0x00000000d6300000)
  object space 86016K, 0% used [0x0000000082800000,0x0000000082804000,0x0000000087c00000)
 Metaspace       used 9474K, capacity 9694K, committed 9984K, reserved 1058816K
  class space    used 1114K, capacity 1189K, committed 1280K, reserved 1048576K
}
Event: 1.204 GC heap before
{Heap before GC invocations=2 (full 0):
 PSYoungGen      total 37888K, used 37668K [0x00000000d6300000, 0x00000000d8d00000, 0x0000000100000000)
  eden space 32768K, 100% used [0x00000000d6300000,0x00000000d8300000,0x00000000d8300000)
  from space 5120K, 95% used [0x00000000d8300000,0x00000000d87c9218,0x00000000d8800000)
  to   space 5120K, 0% used [0x00000000d8800000,0x00000000d8800000,0x00000000d8d00000)
 ParOldGen       total 86016K, used 16K [0x0000000082800000, 0x0000000087c00000, 0x00000000d6300000)
  object space 86016K, 0% used [0x0000000082800000,0x0000000082804000,0x0000000087c00000)
 Metaspace       used 13060K, capacity 13452K, committed 13696K, reserved 1060864K
  class space    used 1688K, capacity 1805K, committed 1920K, reserved 1048576K
Event: 1.210 GC heap after
Heap after GC invocations=2 (full 0):
 PSYoungGen      total 37888K, used 5100K [0x00000000d6300000, 0x00000000dad00000, 0x0000000100000000)
  eden space 32768K, 0% used [0x00000000d6300000,0x00000000d6300000,0x00000000d8300000)
  from space 5120K, 99% used [0x00000000d8800000,0x00000000d8cfb1c8,0x00000000d8d00000)
  to   space 5120K, 0% used [0x00000000d8300000,0x00000000d8300000,0x00000000d8800000)
 ParOldGen       total 86016K, used 788K [0x0000000082800000, 0x0000000087c00000, 0x00000000d6300000)
  object space 86016K, 0% used [0x0000000082800000,0x00000000828c5350,0x0000000087c00000)
 Metaspace       used 13060K, capacity 13452K, committed 13696K, reserved 1060864K
  class space    used 1688K, capacity 1805K, committed 1920K, reserved 1048576K
}
Event: 1.948 GC heap before
{Heap before GC invocations=3 (full 0):
 PSYoungGen      total 37888K, used 37868K [0x00000000d6300000, 0x00000000dad00000, 0x0000000100000000)
  eden space 32768K, 100% used [0x00000000d6300000,0x00000000d8300000,0x00000000d8300000)
  from space 5120K, 99% used [0x00000000d8800000,0x00000000d8cfb1c8,0x00000000d8d00000)
  to   space 5120K, 0% used [0x00000000d8300000,0x00000000d8300000,0x00000000d8800000)
 ParOldGen       total 86016K, used 788K [0x0000000082800000, 0x0000000087c00000, 0x00000000d6300000)
  object space 86016K, 0% used [0x0000000082800000,0x00000000828c5350,0x0000000087c00000)
 Metaspace       used 17976K, capacity 18572K, committed 18688K, reserved 1064960K
  class space    used 2360K, capacity 2535K, committed 2560K, reserved 1048576K
Event: 1.953 GC heap after
Heap after GC invocations=3 (full 0):
 PSYoungGen      total 37888K, used 5110K [0x00000000d6300000, 0x00000000dad00000, 0x0000000100000000)
  eden space 32768K, 0% used [0x00000000d6300000,0x00000000d6300000,0x00000000d8300000)
  from space 5120K, 99% used [0x00000000d8300000,0x00000000d87fd9b0,0x00000000d8800000)
  to   space 5120K, 0% used [0x00000000da800000,0x00000000da800000,0x00000000dad00000)
 ParOldGen       total 86016K, used 4064K [0x0000000082800000, 0x0000000087c00000, 0x00000000d6300000)
  object space 86016K, 4% used [0x0000000082800000,0x0000000082bf8368,0x0000000087c00000)
 Metaspace       used 17976K, capacity 18572K, committed 18688K, reserved 1064960K
  class space    used 2360K, capacity 2535K, committed 2560K, reserved 1048576K
}
Event: 2.202 GC heap before
{Heap before GC invocations=4 (full 0):
 PSYoungGen      total 37888K, used 23961K [0x00000000d6300000, 0x00000000dad00000, 0x0000000100000000)
  eden space 32768K, 57% used [0x00000000d6300000,0x00000000d7568ad8,0x00000000d8300000)
  from space 5120K, 99% used [0x00000000d8300000,0x00000000d87fd9b0,0x00000000d8800000)
  to   space 5120K, 0% used [0x00000000da800000,0x00000000da800000,0x00000000dad00000)
 ParOldGen       total 86016K, used 4064K [0x0000000082800000, 0x0000000087c00000, 0x00000000d6300000)
  object space 86016K, 4% used [0x0000000082800000,0x0000000082bf8368,0x0000000087c00000)
 Metaspace       used 20539K, capacity 21254K, committed 21296K, reserved 1067008K
  class space    used 2718K, capacity 2918K, committed 2944K, reserved 1048576K
Event: 2.208 GC heap after
Heap after GC invocations=4 (full 0):
 PSYoungGen      total 70656K, used 5091K [0x00000000d6300000, 0x00000000dad00000, 0x0000000100000000)
  eden space 65536K, 0% used [0x00000000d6300000,0x00000000d6300000,0x00000000da300000)
  from space 5120K, 99% used [0x00000000da800000,0x00000000dacf8c28,0x00000000dad00000)
  to   space 5120K, 0% used [0x00000000da300000,0x00000000da300000,0x00000000da800000)
 ParOldGen       total 86016K, used 5719K [0x0000000082800000, 0x0000000087c00000, 0x00000000d6300000)
  object space 86016K, 6% used [0x0000000082800000,0x0000000082d95cb8,0x0000000087c00000)
 Metaspace       used 20539K, capacity 21254K, committed 21296K, reserved 1067008K
  class space    used 2718K, capacity 2918K, committed 2944K, reserved 1048576K
}
Event: 2.208 GC heap before
{Heap before GC invocations=5 (full 1):
 PSYoungGen      total 70656K, used 5091K [0x00000000d6300000, 0x00000000dad00000, 0x0000000100000000)
  eden space 65536K, 0% used [0x00000000d6300000,0x00000000d6300000,0x00000000da300000)
  from space 5120K, 99% used [0x00000000da800000,0x00000000dacf8c28,0x00000000dad00000)
  to   space 5120K, 0% used [0x00000000da300000,0x00000000da300000,0x00000000da800000)
 ParOldGen       total 86016K, used 5719K [0x0000000082800000, 0x0000000087c00000, 0x00000000d6300000)
  object space 86016K, 6% used [0x0000000082800000,0x0000000082d95cb8,0x0000000087c00000)
 Metaspace       used 20539K, capacity 21254K, committed 21296K, reserved 1067008K
  class space    used 2718K, capacity 2918K, committed 2944K, reserved 1048576K
Event: 2.233 GC heap after
Heap after GC invocations=5 (full 1):
 PSYoungGen      total 70656K, used 0K [0x00000000d6300000, 0x00000000dad00000, 0x0000000100000000)
  eden space 65536K, 0% used [0x00000000d6300000,0x00000000d6300000,0x00000000da300000)
  from space 5120K, 0% used [0x00000000da800000,0x00000000da800000,0x00000000dad00000)
  to   space 5120K, 0% used [0x00000000da300000,0x00000000da300000,0x00000000da800000)
 ParOldGen       total 58368K, used 6533K [0x0000000082800000, 0x0000000086100000, 0x00000000d6300000)
  object space 58368K, 11% used [0x0000000082800000,0x0000000082e61650,0x0000000086100000)
 Metaspace       used 20537K, capacity 21248K, committed 21296K, reserved 1067008K
  class space    used 2718K, capacity 2917K, committed 2944K, reserved 1048576K
}

Deoptimization events (10 events):
Event: 2.347 Thread 0x00000000026f5800 Uncommon trap: reason=class_check action=maybe_recompile pc=0x0000000002b87d70 method=java.util.HashMap.putVal(ILjava/lang/Object;Ljava/lang/Object;ZZ)Ljava/lang/Object; @ 203
Event: 3.164 Thread 0x00000000026f5800 Uncommon trap: reason=unstable_if action=reinterpret pc=0x0000000002c56038 method=java.net.URL.<init>(Ljava/net/URL;Ljava/lang/String;Ljava/net/URLStreamHandler;)V @ 347
Event: 3.175 Thread 0x00000000026f5800 Uncommon trap: reason=predicate action=maybe_recompile pc=0x0000000002d818e0 method=java.util.AbstractCollection.containsAll(Ljava/util/Collection;)Z @ 16
Event: 3.210 Thread 0x00000000026f5800 Uncommon trap: reason=unstable_if action=reinterpret pc=0x0000000002b42150 method=java.io.WinNTFileSystem.normalize(Ljava/lang/String;)Ljava/lang/String; @ 128
Event: 3.234 Thread 0x00000000026f5800 Uncommon trap: reason=unstable_if action=reinterpret pc=0x0000000002c6afec method=java.util.Hashtable$Enumerator.nextElement()Ljava/lang/Object; @ 71
Event: 3.234 Thread 0x00000000026f5800 Uncommon trap: reason=unstable_if action=reinterpret pc=0x0000000002c6333c method=java.util.Hashtable$Enumerator.nextElement()Ljava/lang/Object; @ 71
Event: 3.268 Thread 0x00000000026f5800 Uncommon trap: reason=unstable_if action=reinterpret pc=0x0000000002bb1bfc method=java.util.concurrent.ConcurrentHashMap.transfer([Ljava/util/concurrent/ConcurrentHashMap$Node;[Ljava/util/concurrent/ConcurrentHashMap$Node;)V @ 34
Event: 3.268 Thread 0x000000001b64b800 Uncommon trap: reason=unstable_if action=reinterpret pc=0x0000000002bb1c2c method=java.util.concurrent.ConcurrentHashMap.transfer([Ljava/util/concurrent/ConcurrentHashMap$Node;[Ljava/util/concurrent/ConcurrentHashMap$Node;)V @ 277
Event: 3.272 Thread 0x00000000026f5800 Uncommon trap: reason=unstable_if action=reinterpret pc=0x0000000002bb72ac method=java.util.concurrent.ConcurrentHashMap.transfer([Ljava/util/concurrent/ConcurrentHashMap$Node;[Ljava/util/concurrent/ConcurrentHashMap$Node;)V @ 277
Event: 3.305 Thread 0x00000000026f5800 Uncommon trap: reason=class_check action=maybe_recompile pc=0x0000000002b8202c method=java.util.HashMap.putVal(ILjava/lang/Object;Ljava/lang/Object;ZZ)Ljava/lang/Object; @ 203

Classes redefined (0 events):
No events

Internal exceptions (10 events):
Event: 3.205 Thread 0x00000000026f5800 Exception <a 'java/lang/ClassNotFoundException': org/springframework/beans/factory/config/BeanFactoryPostProcessorCustomizer> (0x00000000d73dfe40) thrown at [C:\re\workspace\8-2-build-windows-amd64-cygwin\jdk8u191\11896\hotspot\src\share\vm\classfile\syst
Event: 3.206 Thread 0x00000000026f5800 Exception <a 'java/lang/ClassNotFoundException': org/springframework/core/PriorityOrderedCustomizer> (0x00000000d73f04a8) thrown at [C:\re\workspace\8-2-build-windows-amd64-cygwin\jdk8u191\11896\hotspot\src\share\vm\classfile\systemDictionary.cpp, line 21
Event: 3.206 Thread 0x00000000026f5800 Exception <a 'java/lang/ClassNotFoundException': org/springframework/core/OrderedCustomizer> (0x00000000d73fe3a8) thrown at [C:\re\workspace\8-2-build-windows-amd64-cygwin\jdk8u191\11896\hotspot\src\share\vm\classfile\systemDictionary.cpp, line 210]
Event: 3.206 Thread 0x00000000026f5800 Exception <a 'java/lang/ClassNotFoundException': org/springframework/context/ResourceLoaderAwareCustomizer> (0x00000000d7410150) thrown at [C:\re\workspace\8-2-build-windows-amd64-cygwin\jdk8u191\11896\hotspot\src\share\vm\classfile\systemDictionary.cpp, 
Event: 3.206 Thread 0x00000000026f5800 Exception <a 'java/lang/ClassNotFoundException': org/springframework/beans/factory/AwareCustomizer> (0x00000000d7420a08) thrown at [C:\re\workspace\8-2-build-windows-amd64-cygwin\jdk8u191\11896\hotspot\src\share\vm\classfile\systemDictionary.cpp, line 210
Event: 3.207 Thread 0x00000000026f5800 Exception <a 'java/lang/ClassNotFoundException': org/springframework/beans/factory/BeanClassLoaderAwareCustomizer> (0x00000000d7433330) thrown at [C:\re\workspace\8-2-build-windows-amd64-cygwin\jdk8u191\11896\hotspot\src\share\vm\classfile\systemDictionar
Event: 3.207 Thread 0x00000000026f5800 Exception <a 'java/lang/ClassNotFoundException': org/springframework/beans/factory/AwareCustomizer> (0x00000000d7443cb8) thrown at [C:\re\workspace\8-2-build-windows-amd64-cygwin\jdk8u191\11896\hotspot\src\share\vm\classfile\systemDictionary.cpp, line 210
Event: 3.207 Thread 0x00000000026f5800 Exception <a 'java/lang/ClassNotFoundException': org/springframework/context/EnvironmentAwareCustomizer> (0x00000000d74544c0) thrown at [C:\re\workspace\8-2-build-windows-amd64-cygwin\jdk8u191\11896\hotspot\src\share\vm\classfile\systemDictionary.cpp, lin
Event: 3.208 Thread 0x00000000026f5800 Exception <a 'java/lang/ClassNotFoundException': org/springframework/beans/factory/AwareCustomizer> (0x00000000d7464d28) thrown at [C:\re\workspace\8-2-build-windows-amd64-cygwin\jdk8u191\11896\hotspot\src\share\vm\classfile\systemDictionary.cpp, line 210
Event: 3.293 Thread 0x00000000026f5800 Exception <a 'java/lang/IncompatibleClassChangeError': Found class java.lang.Object, but interface was expected> (0x00000000d7d59b98) thrown at [C:\re\workspace\8-2-build-windows-amd64-cygwin\jdk8u191\11896\hotspot\src\share\vm\interpreter\linkResolver.cp

Events (10 events):
Event: 3.638 loading class org/eclipse/jetty/util/Loader
Event: 3.638 loading class org/eclipse/jetty/util/Loader done
Event: 3.638 loading class org/eclipse/jetty/webapp/WebAppContext
Event: 3.638 loading class org/eclipse/jetty/webapp/WebAppContext done
Event: 3.647 loading class org/springframework/integration/monitor/IntegrationMBeanExporter
Event: 3.647 loading class org/springframework/integration/monitor/IntegrationMBeanExporter done
Event: 3.648 loading class org/springframework/integration/monitor/IntegrationMBeanExporter
Event: 3.648 loading class org/springframework/integration/monitor/IntegrationMBeanExporter done
Event: 3.648 loading class org/springframework/integration/monitor/IntegrationMBeanExporter
Event: 3.648 loading class org/springframework/integration/monitor/IntegrationMBeanExporter done


Dynamic libraries:
0x00007ff652fd0000 - 0x00007ff653007000 	C:\Program Files\Java\jre1.8.0_191\bin\javaw.exe
0x00007ffed02e0000 - 0x00007ffed04d0000 	C:\WINDOWS\SYSTEM32\ntdll.dll
0x00007ffea7ce0000 - 0x00007ffea7cf4000 	C:\Program Files\AVAST Software\Avast\aswhook.dll
0x00007ffece900000 - 0x00007ffece9b2000 	C:\WINDOWS\System32\KERNEL32.DLL
0x00007ffecdb90000 - 0x00007ffecde33000 	C:\WINDOWS\System32\KERNELBASE.dll
0x00007ffecea00000 - 0x00007ffeceaa3000 	C:\WINDOWS\System32\ADVAPI32.dll
0x00007ffecfbd0000 - 0x00007ffecfc6e000 	C:\WINDOWS\System32\msvcrt.dll
0x00007ffed0040000 - 0x00007ffed00d7000 	C:\WINDOWS\System32\sechost.dll
0x00007ffecff20000 - 0x00007ffed0040000 	C:\WINDOWS\System32\RPCRT4.dll
0x00007ffececf0000 - 0x00007ffecee84000 	C:\WINDOWS\System32\USER32.dll
0x00007ffecdb10000 - 0x00007ffecdb31000 	C:\WINDOWS\System32\win32u.dll
0x00007ffeceab0000 - 0x00007ffecead6000 	C:\WINDOWS\System32\GDI32.dll
0x00007ffecde40000 - 0x00007ffecdfd4000 	C:\WINDOWS\System32\gdi32full.dll
0x00007ffece2f0000 - 0x00007ffece38e000 	C:\WINDOWS\System32\msvcp_win.dll
0x00007ffecda10000 - 0x00007ffecdb0a000 	C:\WINDOWS\System32\ucrtbase.dll
0x00007ffeb9bd0000 - 0x00007ffeb9e55000 	C:\WINDOWS\WinSxS\amd64_microsoft.windows.common-controls_6595b64144ccf1df_6.0.18362.535_none_e6c3b34713100821\COMCTL32.dll
0x00007ffece390000 - 0x00007ffece6c6000 	C:\WINDOWS\System32\combase.dll
0x00007ffece270000 - 0x00007ffece2f0000 	C:\WINDOWS\System32\bcryptPrimitives.dll
0x00007ffecf6c0000 - 0x00007ffecf6ee000 	C:\WINDOWS\System32\IMM32.DLL
0x0000000066160000 - 0x0000000066232000 	C:\Program Files\Java\jre1.8.0_191\bin\msvcr100.dll
0x0000000066420000 - 0x0000000066cc4000 	C:\Program Files\Java\jre1.8.0_191\bin\server\jvm.dll
0x00007ffecf650000 - 0x00007ffecf658000 	C:\WINDOWS\System32\PSAPI.DLL
0x00007ffebade0000 - 0x00007ffebade9000 	C:\WINDOWS\SYSTEM32\WSOCK32.dll
0x00007ffecec80000 - 0x00007ffececef000 	C:\WINDOWS\System32\WS2_32.dll
0x00007ffec6b60000 - 0x00007ffec6b84000 	C:\WINDOWS\SYSTEM32\WINMM.dll
0x00007ffec4050000 - 0x00007ffec405a000 	C:\WINDOWS\SYSTEM32\VERSION.dll
0x00007ffec6b30000 - 0x00007ffec6b5d000 	C:\WINDOWS\SYSTEM32\WINMMBASE.dll
0x00007ffecdb40000 - 0x00007ffecdb8a000 	C:\WINDOWS\System32\cfgmgr32.dll
0x0000000066330000 - 0x000000006633f000 	C:\Program Files\Java\jre1.8.0_191\bin\verify.dll
0x0000000066300000 - 0x0000000066329000 	C:\Program Files\Java\jre1.8.0_191\bin\java.dll
0x00000000662e0000 - 0x00000000662f6000 	C:\Program Files\Java\jre1.8.0_191\bin\zip.dll
0x00007ffecee90000 - 0x00007ffecf575000 	C:\WINDOWS\System32\SHELL32.dll
0x00007ffecfdf0000 - 0x00007ffecfe99000 	C:\WINDOWS\System32\shcore.dll
0x00007ffecd290000 - 0x00007ffecda0f000 	C:\WINDOWS\System32\windows.storage.dll
0x00007ffecd230000 - 0x00007ffecd24f000 	C:\WINDOWS\System32\profapi.dll
0x00007ffecd1c0000 - 0x00007ffecd20a000 	C:\WINDOWS\System32\powrprof.dll
0x00007ffecd1b0000 - 0x00007ffecd1c0000 	C:\WINDOWS\System32\UMPDC.dll
0x00007ffecec20000 - 0x00007ffecec72000 	C:\WINDOWS\System32\shlwapi.dll
0x00007ffecd210000 - 0x00007ffecd221000 	C:\WINDOWS\System32\kernel.appcore.dll
0x00007ffecd270000 - 0x00007ffecd287000 	C:\WINDOWS\System32\cryptsp.dll
0x00000000662c0000 - 0x00000000662da000 	C:\Program Files\Java\jre1.8.0_191\bin\net.dll
0x00007ffecca20000 - 0x00007ffecca87000 	C:\WINDOWS\system32\mswsock.dll
0x00007ffecc730000 - 0x00007ffecc76a000 	C:\WINDOWS\SYSTEM32\IPHLPAPI.DLL
0x00007ffece9f0000 - 0x00007ffece9f8000 	C:\WINDOWS\System32\NSI.dll
0x00007ffec40b0000 - 0x00007ffec40c6000 	C:\WINDOWS\SYSTEM32\dhcpcsvc6.DLL
0x00007ffec4090000 - 0x00007ffec40ac000 	C:\WINDOWS\SYSTEM32\dhcpcsvc.DLL
0x00007ffecc770000 - 0x00007ffecc83a000 	C:\WINDOWS\SYSTEM32\DNSAPI.dll
0x00007ffec10a0000 - 0x00007ffec10aa000 	C:\Windows\System32\rasadhlp.dll
0x00007ffec3140000 - 0x00007ffec31b7000 	C:\WINDOWS\System32\fwpuclnt.dll
0x00007ffece0f0000 - 0x00007ffece116000 	C:\WINDOWS\System32\bcrypt.dll
0x0000000066150000 - 0x000000006615d000 	C:\Program Files\Java\jre1.8.0_191\bin\management.dll
0x00007ffeb0c40000 - 0x00007ffeb0c56000 	C:\WINDOWS\system32\napinsp.dll
0x00007ffeb0ba0000 - 0x00007ffeb0bba000 	C:\WINDOWS\system32\pnrpnsp.dll
0x00007ffeb0b90000 - 0x00007ffeb0b9e000 	C:\WINDOWS\System32\winrnr.dll
0x00007ffec8830000 - 0x00007ffec884c000 	C:\WINDOWS\system32\NLAapi.dll
0x00007ffec7fa0000 - 0x00007ffec7fb5000 	C:\WINDOWS\system32\wshbth.dll
0x00000000662a0000 - 0x00000000662b1000 	C:\Program Files\Java\jre1.8.0_191\bin\nio.dll
0x00007ffecbac0000 - 0x00007ffecbcb4000 	C:\WINDOWS\SYSTEM32\dbghelp.dll

VM Arguments:
jvm_args: -Dfile.encoding=UTF-8 
java_command: com.microservice.configserver.ConfigServerApplication
java_class_path (initial): C:\Users\Milica\Documents\FTN_Master\SEP_UPP_UDD\ScientificCenter\config-server\target\classes;C:\Users\Milica\.m2\repository\org\springframework\cloud\spring-cloud-config-server\2.2.0.RELEASE\spring-cloud-config-server-2.2.0.RELEASE.jar;C:\Users\Milica\.m2\repository\org\springframework\cloud\spring-cloud-config-client\2.2.0.RELEASE\spring-cloud-config-client-2.2.0.RELEASE.jar;C:\Users\Milica\.m2\repository\org\springframework\boot\spring-boot-autoconfigure\2.2.1.RELEASE\spring-boot-autoconfigure-2.2.1.RELEASE.jar;C:\Users\Milica\.m2\repository\org\springframework\cloud\spring-cloud-commons\2.2.0.RELEASE\spring-cloud-commons-2.2.0.RELEASE.jar;C:\Users\Milica\.m2\repository\org\springframework\cloud\spring-cloud-context\2.2.0.RELEASE\spring-cloud-context-2.2.0.RELEASE.jar;C:\Users\Milica\.m2\repository\org\springframework\spring-web\5.2.1.RELEASE\spring-web-5.2.1.RELEASE.jar;C:\Users\Milica\.m2\repository\org\springframework\spring-beans\5.2.1.RELEASE\spring-beans-5.2.1.RELEASE.jar;C:\Users\Milica\.m2\repository\com\fasterxml\jackson\core\jackson-annotations\2.10.0\jackson-annotations-2.10.0.jar;C:\Users\Milica\.m2\repository\com\fasterxml\jackson\core\jackson-databind\2.10.0\jackson-databind-2.10.0.jar;C:\Users\Milica\.m2\repository\org\springframework\boot\spring-boot-starter-actuator\2.2.1.RELEASE\spring-boot-starter-actuator-2.2.1.RELEASE.jar;C:\Users\Milica\.m2\repository\org\springframework\boot\spring-boot-actuator-autoconfigure\2.2.1.RELEASE\spring-boot-actuator-autoconfigure-2.2.1.RELEASE.jar;C:\Users\Milica\.m2\repository\org\springframework\boot\spring-boot-actuator\2.2.1.RELEASE\spring-boot-actuator-2.2.1.RELEASE.jar;C:\Users\Milica\.m2\repository\org\springframework\spring-context\5.2.1.RELEASE\spring-context-5.2.1.RELEASE.jar;C:\Users\Milica\.m2\repository\com\fasterxml\jackson\datatype\jackson-datatype-jsr310\2.10.0\jackson-datatype-jsr310-2.10.0.jar;C:\Users\Milica\.m2\repository\io\micrometer\micrometer-core\1.3.1\microm
Launcher Type: SUN_STANDARD

Environment Variables:
JAVA_HOME=C:\Program Files\Java\jdk1.8.0_191
JRE_HOME=C:\Program Files\Java\jre1.8.0_191
PATH=C:/Program Files/Java/jre1.8.0_191/bin/server;C:/Program Files/Java/jre1.8.0_191/bin;C:/Program Files/Java/jre1.8.0_191/lib/amd64;C:\app\Milica\product\11.2.0\dbhome_1\bin;C:\Program Files (x86)\Common Files\Oracle\Java\javapath;C:\Program Files (x86)\Intel\Intel(R) Management Engine Components\iCLS\;C:\Program Files\Intel\Intel(R) Management Engine Components\iCLS\;C:\WINDOWS\system32;C:\WINDOWS;C:\WINDOWS\System32\Wbem;C:\WINDOWS\System32\WindowsPowerShell\v1.0\;C:\WINDOWS\System32\OpenSSH\;C:\Program Files (x86)\Intel\Intel(R) Management Engine Components\DAL;C:\Program Files\Intel\Intel(R) Management Engine Components\DAL;C:\Program Files (x86)\Intel\Intel(R) Management Engine Components\IPT;C:\Program Files\Intel\Intel(R) Management Engine Components\IPT;C:\Program Files (x86)\Microsoft SQL Server\Client SDK\ODBC\130\Tools\Binn\;C:\Program Files (x86)\Microsoft SQL Server\140\Tools\Binn\;C:\Program Files (x86)\Microsoft SQL Server\140\DTS\Binn\;C:\Program Files (x86)\Microsoft SQL Server\140\Tools\Binn\ManagementStudio\;C:\Program Files\nodejs\;C:\Program Files\Intel\WiFi\bin\;C:\Program Files\Common Files\Intel\WirelessCommon\;C:\Program Files\dotnet\;C:\Program Files\Microsoft SQL Server\130\Tools\Binn\;C:\Program Files\MATLAB\R2016a\runtime\win64;C:\Program Files\MATLAB\R2016a\bin;C:\Program Files\MATLAB\R2016a\polyspace\bin;C:\Users\Milica\Anaconda2;C:\Users\Milica\Anaconda2\Library\mingw-w64\bin;C:\Users\Milica\Anaconda2\Library\usr\bin;C:\Users\Milica\Anaconda2\Library\bin;C:\Users\Milica\Anaconda2\Scripts;C:\Users\Milica\AppData\Local\Microsoft\WindowsApps;C:\Program Files\Intel\WiFi\bin\;C:\Program Files\Common Files\Intel\WirelessCommon\;C:\Users\Milica\AppData\Local\GitHubDesktop\bin;C:\Users\Milica\AppData\Local\Programs\Microsoft VS Code\bin;C:\Users\Milica\AppData\Roaming\npm;C:\Users\Milica\AppData\Local\Microsoft\WindowsApps;;C:\Program Files\Docker Toolbox;C:\Program Files\heroku\bin;C:\Users\Milica\Desktop;
USERNAME=Milica
OS=Windows_NT
PROCESSOR_IDENTIFIER=Intel64 Family 6 Model 142 Stepping 10, GenuineIntel



---------------  S Y S T E M  ---------------

OS: Windows 10.0 , 64 bit Build 18362 (10.0.18362.329)

CPU:total 8 (initial active 8) (4 cores per cpu, 2 threads per core) family 6 model 142 stepping 10, cmov, cx8, fxsr, mmx, sse, sse2, sse3, ssse3, sse4.1, sse4.2, popcnt, avx, avx2, aes, clmul, erms, 3dnowpref, lzcnt, ht, tsc, tscinvbit, bmi1, bmi2, adx

Memory: 4k page, physical 8218788k(1297288k free), swap 18180260k(5569348k free)

vm_info: Java HotSpot(TM) 64-Bit Server VM (25.191-b12) for windows-amd64 JRE (1.8.0_191-b12), built on Oct  6 2018 09:29:03 by "java_re" with MS VC++ 10.0 (VS2010)

time: Sat Dec 28 02:23:53 2019
elapsed time: 3 seconds (0d 0h 0m 3s)

