#
# A fatal error has been detected by the Java Runtime Environment:
#
#  EXCEPTION_ACCESS_VIOLATION (0xc0000005) at pc=0x00000000663f8b40, pid=20708, tid=0x0000000000005188
#
# JRE version: Java(TM) SE Runtime Environment (8.0_191-b12) (build 1.8.0_191-b12)
# Java VM: Java HotSpot(TM) 64-Bit Server VM (25.191-b12 mixed mode windows-amd64 compressed oops)
# Problematic frame:
# V  [jvm.dll+0x468b40]
#
# Failed to write core dump. Minidumps are not enabled by default on client versions of Windows
#
# If you would like to submit a bug report, please visit:
#   http://bugreport.java.com/bugreport/crash.jsp
#

---------------  T H R E A D  ---------------

Current thread (0x0000000019453000):  JavaThread "C2 CompilerThread0" daemon [_thread_in_native, id=20872, stack(0x0000000019c20000,0x0000000019d20000)]

siginfo: ExceptionCode=0xc0000005, reading address 0xffffffffffffffff

Registers:
RAX=0x000000001e4501c0, RBX=0x000000001b9d9970, RCX=0x800000001b6c75a0, RDX=0x0000000000000000
RSP=0x0000000019d1c120, RBP=0x000000001e081080, RSI=0x000000001ead9398, RDI=0x000000001d190fd0
R8 =0x00000000ffffffff, R9 =0x0000000000000000, R10=0x000000000000000d, R11=0x0000000000000000
R12=0x0000000019d1c530, R13=0x0000000000000000, R14=0x0000000000000068, R15=0x000000000000000d
RIP=0x00000000663f8b40, EFLAGS=0x0000000000010287

Top of Stack: (sp=0x0000000019d1c120)
0x0000000019d1c120:   000000001b9d9970 000000001ead9398
0x0000000019d1c130:   000000001d190fd0 ffffffffffffffff
0x0000000019d1c140:   0000001d00000058 000000001d190fd0
0x0000000019d1c150:   0000000000000020 0000000000000058
0x0000000019d1c160:   0000000000000000 0000000000000000
0x0000000019d1c170:   0000000019d1c240 00000000000003d8
0x0000000019d1c180:   00000000194a6378 00000000194a5fa0
0x0000000019d1c190:   0000000019d1c2c0 0000000000000000
0x0000000019d1c1a0:   0000000019d1c530 00000000194a5f90
0x0000000019d1c1b0:   0000000019d1c640 00000000663fb824
0x0000000019d1c1c0:   0000000019d1c530 0000000019d1c200
0x0000000019d1c1d0:   00000000ffffffff 0000000000000004
0x0000000019d1c1e0:   0000000000000006 00000000194a5f90
0x0000000019d1c1f0:   000000001b9d9490 000000001b9ff5a0
0x0000000019d1c200:   000000001b9ff5a0 000000000005cad8
0x0000000019d1c210:   0000000000000006 000000001fbbf9f0 

Instructions: (pc=0x00000000663f8b40)
0x00000000663f8b20:   0f 83 0c 02 00 00 49 c1 e6 03 66 0f 1f 44 00 00
0x00000000663f8b30:   48 8b 46 08 49 8b 0c 06 49 8b 84 24 28 01 00 00
0x00000000663f8b40:   48 63 51 28 8b 1c 90 85 db 0f 84 c0 01 00 00 45
0x00000000663f8b50:   84 c9 74 11 45 3b c7 75 0c 48 8b 06 48 8b ce ff 


Register to memory mapping:

RAX=0x000000001e4501c0 is an unknown value
RBX=0x000000001b9d9970 is an unknown value
RCX=0x800000001b6c75a0 is an unknown value
RDX=0x0000000000000000 is an unknown value
RSP=0x0000000019d1c120 is pointing into the stack for thread: 0x0000000019453000
RBP=0x000000001e081080 is an unknown value
RSI=0x000000001ead9398 is an unknown value
RDI=0x000000001d190fd0 is an unknown value
R8 =0x00000000ffffffff is an unallocated location in the heap
R9 =0x0000000000000000 is an unknown value
R10=0x000000000000000d is an unknown value
R11=0x0000000000000000 is an unknown value
R12=0x0000000019d1c530 is pointing into the stack for thread: 0x0000000019453000
R13=0x0000000000000000 is an unknown value
R14=0x0000000000000068 is an unknown value
R15=0x000000000000000d is an unknown value


Stack: [0x0000000019c20000,0x0000000019d20000],  sp=0x0000000019d1c120,  free space=1008k
Native frames: (J=compiled Java code, j=interpreted, Vv=VM code, C=native code)
V  [jvm.dll+0x468b40]
V  [jvm.dll+0x46b824]
V  [jvm.dll+0x47703b]
V  [jvm.dll+0x479947]
V  [jvm.dll+0x45c162]
V  [jvm.dll+0xa6c82]
V  [jvm.dll+0xa75cf]
V  [jvm.dll+0x2461df]
V  [jvm.dll+0x29eb9a]
C  [msvcr100.dll+0x21d9f]
C  [msvcr100.dll+0x21e3b]
C  [KERNEL32.DLL+0x17bd4]
C  [ntdll.dll+0x6ced1]


Current CompileTask:
C2:   5497 3255       4       java.net.URLStreamHandler::parseURL (1193 bytes)


---------------  P R O C E S S  ---------------

Java Threads: ( => current thread )
  0x00000000194d4000 JavaThread "Service Thread" daemon [_thread_blocked, id=21292, stack(0x000000001a020000,0x000000001a120000)]
  0x000000001945f000 JavaThread "C1 CompilerThread3" daemon [_thread_in_native, id=10744, stack(0x0000000019f20000,0x000000001a020000)]
  0x000000001945b000 JavaThread "C2 CompilerThread2" daemon [_thread_in_native, id=19896, stack(0x0000000019e20000,0x0000000019f20000)]
  0x0000000019455000 JavaThread "C2 CompilerThread1" daemon [_thread_in_vm, id=20368, stack(0x0000000019d20000,0x0000000019e20000)]
=>0x0000000019453000 JavaThread "C2 CompilerThread0" daemon [_thread_in_native, id=20872, stack(0x0000000019c20000,0x0000000019d20000)]
  0x0000000019450000 JavaThread "Attach Listener" daemon [_thread_blocked, id=20380, stack(0x0000000019b20000,0x0000000019c20000)]
  0x000000001944f000 JavaThread "Signal Dispatcher" daemon [_thread_blocked, id=20152, stack(0x0000000019a20000,0x0000000019b20000)]
  0x000000000265e000 JavaThread "Finalizer" daemon [_thread_blocked, id=21036, stack(0x0000000019820000,0x0000000019920000)]
  0x000000000265d000 JavaThread "Reference Handler" daemon [_thread_blocked, id=5536, stack(0x0000000019320000,0x0000000019420000)]
  0x0000000002565800 JavaThread "main" [_thread_in_vm, id=1604, stack(0x0000000002360000,0x0000000002460000)]

Other Threads:
  0x0000000017549800 VMThread [stack: 0x0000000019220000,0x0000000019320000] [id=21232]
  0x000000001950b000 WatcherThread [stack: 0x000000001a120000,0x000000001a220000] [id=20320]

VM state:not at safepoint (normal execution)

VM Mutex/Monitor currently owned by a thread: None

Heap:
 PSYoungGen      total 55808K, used 46303K [0x00000000d6300000, 0x00000000dba00000, 0x0000000100000000)
  eden space 47104K, 79% used [0x00000000d6300000,0x00000000d87bec28,0x00000000d9100000)
  from space 8704K, 99% used [0x00000000d9100000,0x00000000d9979038,0x00000000d9980000)
  to   space 10240K, 0% used [0x00000000db000000,0x00000000db000000,0x00000000dba00000)
 ParOldGen       total 60928K, used 7958K [0x0000000082800000, 0x0000000086380000, 0x00000000d6300000)
  object space 60928K, 13% used [0x0000000082800000,0x0000000082fc58c0,0x0000000086380000)
 Metaspace       used 32110K, capacity 33702K, committed 34048K, reserved 1079296K
  class space    used 4244K, capacity 4544K, committed 4608K, reserved 1048576K

Card table byte_map: [0x0000000011a20000,0x0000000011e10000] byte_map_base: 0x000000001160c000

Marking Bits: (ParMarkBitMap*) 0x00000000667b3e30
 Begin Bits: [0x00000000128b0000, 0x0000000014810000)
 End Bits:   [0x0000000014810000, 0x0000000016770000)

Polling page: 0x0000000000930000

CodeCache: size=245760Kb used=11559Kb max_used=11560Kb free=234200Kb
 bounds [0x0000000002660000, 0x00000000031c0000, 0x0000000011660000]
 total_blobs=3698 nmethods=3291 adapters=319
 compilation: enabled

Compilation events (10 events):
Event: 5.463 Thread 0x0000000019455000 nmethod 3228% 0x00000000031a3750 code [0x00000000031a3a20, 0x00000000031a65e0]
Event: 5.464 Thread 0x0000000019455000 3282       4       java.net.URI::match (56 bytes)
Event: 5.464 Thread 0x0000000019455000 nmethod 3282 0x000000000319bc10 code [0x000000000319bd40, 0x000000000319bdf8]
Event: 5.465 Thread 0x000000001945f000 3283       3       java.util.ArrayDeque::<init> (14 bytes)
Event: 5.465 Thread 0x000000001945f000 nmethod 3283 0x000000000319e1d0 code [0x000000000319e340, 0x000000000319e5f0]
Event: 5.466 Thread 0x0000000019455000 3284       4       java.io.File::isInvalid (47 bytes)
Event: 5.467 Thread 0x000000001945f000 3285       3       sun.misc.PerfCounter::increment (6 bytes)
Event: 5.467 Thread 0x000000001945f000 nmethod 3285 0x000000000319d610 code [0x000000000319d7a0, 0x000000000319de98]
Event: 5.470 Thread 0x0000000019455000 nmethod 3284 0x00000000031a0490 code [0x00000000031a05e0, 0x00000000031a07d8]
Event: 5.472 Thread 0x0000000019455000 3286       4       java.io.File::exists (43 bytes)

GC Heap History (10 events):
Event: 2.078 GC heap before
{Heap before GC invocations=4 (full 0):
 PSYoungGen      total 37888K, used 24308K [0x00000000d6300000, 0x00000000d8d00000, 0x0000000100000000)
  eden space 32768K, 58% used [0x00000000d6300000,0x00000000d75c1a38,0x00000000d8300000)
  from space 5120K, 99% used [0x00000000d8300000,0x00000000d87fb628,0x00000000d8800000)
  to   space 5120K, 0% used [0x00000000d8800000,0x00000000d8800000,0x00000000d8d00000)
 ParOldGen       total 86016K, used 4136K [0x0000000082800000, 0x0000000087c00000, 0x00000000d6300000)
  object space 86016K, 4% used [0x0000000082800000,0x0000000082c0a318,0x0000000087c00000)
 Metaspace       used 20549K, capacity 21262K, committed 21296K, reserved 1067008K
  class space    used 2720K, capacity 2918K, committed 2944K, reserved 1048576K
Event: 2.084 GC heap after
Heap after GC invocations=4 (full 0):
 PSYoungGen      total 37888K, used 5111K [0x00000000d6300000, 0x00000000dad00000, 0x0000000100000000)
  eden space 32768K, 0% used [0x00000000d6300000,0x00000000d6300000,0x00000000d8300000)
  from space 5120K, 99% used [0x00000000d8800000,0x00000000d8cfdd90,0x00000000d8d00000)
  to   space 5120K, 0% used [0x00000000d8300000,0x00000000d8300000,0x00000000d8800000)
 ParOldGen       total 86016K, used 5792K [0x0000000082800000, 0x0000000087c00000, 0x00000000d6300000)
  object space 86016K, 6% used [0x0000000082800000,0x0000000082da8140,0x0000000087c00000)
 Metaspace       used 20549K, capacity 21262K, committed 21296K, reserved 1067008K
  class space    used 2720K, capacity 2918K, committed 2944K, reserved 1048576K
}
Event: 2.084 GC heap before
{Heap before GC invocations=5 (full 1):
 PSYoungGen      total 37888K, used 5111K [0x00000000d6300000, 0x00000000dad00000, 0x0000000100000000)
  eden space 32768K, 0% used [0x00000000d6300000,0x00000000d6300000,0x00000000d8300000)
  from space 5120K, 99% used [0x00000000d8800000,0x00000000d8cfdd90,0x00000000d8d00000)
  to   space 5120K, 0% used [0x00000000d8300000,0x00000000d8300000,0x00000000d8800000)
 ParOldGen       total 86016K, used 5792K [0x0000000082800000, 0x0000000087c00000, 0x00000000d6300000)
  object space 86016K, 6% used [0x0000000082800000,0x0000000082da8140,0x0000000087c00000)
 Metaspace       used 20549K, capacity 21262K, committed 21296K, reserved 1067008K
  class space    used 2720K, capacity 2918K, committed 2944K, reserved 1048576K
Event: 2.111 GC heap after
Heap after GC invocations=5 (full 1):
 PSYoungGen      total 37888K, used 0K [0x00000000d6300000, 0x00000000dad00000, 0x0000000100000000)
  eden space 32768K, 0% used [0x00000000d6300000,0x00000000d6300000,0x00000000d8300000)
  from space 5120K, 0% used [0x00000000d8800000,0x00000000d8800000,0x00000000d8d00000)
  to   space 5120K, 0% used [0x00000000d8300000,0x00000000d8300000,0x00000000d8800000)
 ParOldGen       total 60928K, used 6567K [0x0000000082800000, 0x0000000086380000, 0x00000000d6300000)
  object space 60928K, 10% used [0x0000000082800000,0x0000000082e69e78,0x0000000086380000)
 Metaspace       used 20548K, capacity 21256K, committed 21296K, reserved 1067008K
  class space    used 2719K, capacity 2917K, committed 2944K, reserved 1048576K
}
Event: 3.271 GC heap before
{Heap before GC invocations=6 (full 1):
 PSYoungGen      total 37888K, used 32768K [0x00000000d6300000, 0x00000000dad00000, 0x0000000100000000)
  eden space 32768K, 100% used [0x00000000d6300000,0x00000000d8300000,0x00000000d8300000)
  from space 5120K, 0% used [0x00000000d8800000,0x00000000d8800000,0x00000000d8d00000)
  to   space 5120K, 0% used [0x00000000d8300000,0x00000000d8300000,0x00000000d8800000)
 ParOldGen       total 60928K, used 6567K [0x0000000082800000, 0x0000000086380000, 0x00000000d6300000)
  object space 60928K, 10% used [0x0000000082800000,0x0000000082e69e78,0x0000000086380000)
 Metaspace       used 23006K, capacity 23870K, committed 24064K, reserved 1071104K
  class space    used 3054K, capacity 3276K, committed 3328K, reserved 1048576K
Event: 3.274 GC heap after
Heap after GC invocations=6 (full 1):
 PSYoungGen      total 37888K, used 4153K [0x00000000d6300000, 0x00000000da280000, 0x0000000100000000)
  eden space 32768K, 0% used [0x00000000d6300000,0x00000000d6300000,0x00000000d8300000)
  from space 5120K, 81% used [0x00000000d8300000,0x00000000d870e660,0x00000000d8800000)
  to   space 9216K, 0% used [0x00000000d9980000,0x00000000d9980000,0x00000000da280000)
 ParOldGen       total 60928K, used 6575K [0x0000000082800000, 0x0000000086380000, 0x00000000d6300000)
  object space 60928K, 10% used [0x0000000082800000,0x0000000082e6be78,0x0000000086380000)
 Metaspace       used 23006K, capacity 23870K, committed 24064K, reserved 1071104K
  class space    used 3054K, capacity 3276K, committed 3328K, reserved 1048576K
}
Event: 3.687 GC heap before
{Heap before GC invocations=7 (full 1):
 PSYoungGen      total 37888K, used 36921K [0x00000000d6300000, 0x00000000da280000, 0x0000000100000000)
  eden space 32768K, 100% used [0x00000000d6300000,0x00000000d8300000,0x00000000d8300000)
  from space 5120K, 81% used [0x00000000d8300000,0x00000000d870e660,0x00000000d8800000)
  to   space 9216K, 0% used [0x00000000d9980000,0x00000000d9980000,0x00000000da280000)
 ParOldGen       total 60928K, used 6575K [0x0000000082800000, 0x0000000086380000, 0x00000000d6300000)
  object space 60928K, 10% used [0x0000000082800000,0x0000000082e6be78,0x0000000086380000)
 Metaspace       used 24979K, capacity 26036K, committed 26112K, reserved 1071104K
  class space    used 3276K, capacity 3517K, committed 3584K, reserved 1048576K
Event: 3.693 GC heap after
Heap after GC invocations=7 (full 1):
 PSYoungGen      total 55808K, used 5976K [0x00000000d6300000, 0x00000000da200000, 0x0000000100000000)
  eden space 47104K, 0% used [0x00000000d6300000,0x00000000d6300000,0x00000000d9100000)
  from space 8704K, 68% used [0x00000000d9980000,0x00000000d9f56390,0x00000000da200000)
  to   space 8704K, 0% used [0x00000000d9100000,0x00000000d9100000,0x00000000d9980000)
 ParOldGen       total 60928K, used 6583K [0x0000000082800000, 0x0000000086380000, 0x00000000d6300000)
  object space 60928K, 10% used [0x0000000082800000,0x0000000082e6de78,0x0000000086380000)
 Metaspace       used 24979K, capacity 26036K, committed 26112K, reserved 1071104K
  class space    used 3276K, capacity 3517K, committed 3584K, reserved 1048576K
}
Event: 4.529 GC heap before
{Heap before GC invocations=8 (full 1):
 PSYoungGen      total 55808K, used 53080K [0x00000000d6300000, 0x00000000da200000, 0x0000000100000000)
  eden space 47104K, 100% used [0x00000000d6300000,0x00000000d9100000,0x00000000d9100000)
  from space 8704K, 68% used [0x00000000d9980000,0x00000000d9f56390,0x00000000da200000)
  to   space 8704K, 0% used [0x00000000d9100000,0x00000000d9100000,0x00000000d9980000)
 ParOldGen       total 60928K, used 6583K [0x0000000082800000, 0x0000000086380000, 0x00000000d6300000)
  object space 60928K, 10% used [0x0000000082800000,0x0000000082e6de78,0x0000000086380000)
 Metaspace       used 28952K, capacity 30120K, committed 30336K, reserved 1075200K
  class space    used 3852K, capacity 4103K, committed 4224K, reserved 1048576K
Event: 4.540 GC heap after
Heap after GC invocations=8 (full 1):
 PSYoungGen      total 55808K, used 8676K [0x00000000d6300000, 0x00000000dba00000, 0x0000000100000000)
  eden space 47104K, 0% used [0x00000000d6300000,0x00000000d6300000,0x00000000d9100000)
  from space 8704K, 99% used [0x00000000d9100000,0x00000000d9979038,0x00000000d9980000)
  to   space 10240K, 0% used [0x00000000db000000,0x00000000db000000,0x00000000dba00000)
 ParOldGen       total 60928K, used 7958K [0x0000000082800000, 0x0000000086380000, 0x00000000d6300000)
  object space 60928K, 13% used [0x0000000082800000,0x0000000082fc58c0,0x0000000086380000)
 Metaspace       used 28952K, capacity 30120K, committed 30336K, reserved 1075200K
  class space    used 3852K, capacity 4103K, committed 4224K, reserved 1048576K
}

Deoptimization events (10 events):
Event: 4.656 Thread 0x0000000002565800 Uncommon trap: reason=unstable_if action=reinterpret pc=0x0000000003086368 method=java.util.Properties$LineReader.readLine()I @ 180
Event: 4.657 Thread 0x0000000002565800 Uncommon trap: reason=unstable_if action=reinterpret pc=0x0000000002c7ccfc method=java.util.Properties$LineReader.readLine()I @ 180
Event: 4.692 Thread 0x0000000002565800 Uncommon trap: reason=unstable_if action=reinterpret pc=0x0000000002df3000 method=java.util.LinkedHashMap.get(Ljava/lang/Object;)Ljava/lang/Object; @ 20
Event: 4.697 Thread 0x0000000002565800 Uncommon trap: reason=unstable_if action=reinterpret pc=0x00000000030834e8 method=java.util.Properties.loadConvert([CII[C)Ljava/lang/String; @ 57
Event: 5.389 Thread 0x0000000002565800 Uncommon trap: reason=null_check action=make_not_entrant pc=0x000000000304ed7c method=java.net.URL.getURLStreamHandler(Ljava/lang/String;)Ljava/net/URLStreamHandler; @ 7
Event: 5.391 Thread 0x0000000002565800 Uncommon trap: reason=class_check action=maybe_recompile pc=0x0000000002b25a74 method=java.util.zip.InflaterInputStream.read([BII)I @ 100
Event: 5.392 Thread 0x0000000002565800 Uncommon trap: reason=class_check action=maybe_recompile pc=0x0000000002b25a74 method=java.util.zip.InflaterInputStream.read([BII)I @ 100
Event: 5.392 Thread 0x0000000002565800 Uncommon trap: reason=class_check action=maybe_recompile pc=0x0000000002b25a74 method=java.util.zip.InflaterInputStream.read([BII)I @ 100
Event: 5.392 Thread 0x0000000002565800 Uncommon trap: reason=class_check action=maybe_recompile pc=0x0000000002b25a74 method=java.util.zip.InflaterInputStream.read([BII)I @ 100
Event: 5.431 Thread 0x0000000002565800 Uncommon trap: reason=unstable_if action=reinterpret pc=0x0000000002e4131c method=java.lang.StringCoding$StringDecoder.decode([BII)[C @ 20

Classes redefined (0 events):
No events

Internal exceptions (10 events):
Event: 3.107 Thread 0x0000000002565800 Exception <a 'java/lang/ClassNotFoundException': org/springframework/beans/factory/AwareCustomizer> (0x00000000d73dfe90) thrown at [C:\re\workspace\8-2-build-windows-amd64-cygwin\jdk8u191\11896\hotspot\src\share\vm\classfile\systemDictionary.cpp, line 210
Event: 3.107 Thread 0x0000000002565800 Exception <a 'java/lang/ClassNotFoundException': org/springframework/context/EnvironmentAwareCustomizer> (0x00000000d73f0650) thrown at [C:\re\workspace\8-2-build-windows-amd64-cygwin\jdk8u191\11896\hotspot\src\share\vm\classfile\systemDictionary.cpp, lin
Event: 3.107 Thread 0x0000000002565800 Exception <a 'java/lang/ClassNotFoundException': org/springframework/beans/factory/AwareCustomizer> (0x00000000d7400eb8) thrown at [C:\re\workspace\8-2-build-windows-amd64-cygwin\jdk8u191\11896\hotspot\src\share\vm\classfile\systemDictionary.cpp, line 210
Event: 3.190 Thread 0x0000000002565800 Exception <a 'java/lang/IncompatibleClassChangeError': Found class java.lang.Object, but interface was expected> (0x00000000d7d23608) thrown at [C:\re\workspace\8-2-build-windows-amd64-cygwin\jdk8u191\11896\hotspot\src\share\vm\interpreter\linkResolver.cp
Event: 3.584 Thread 0x0000000002565800 Implicit null exception at 0x0000000002e237cb to 0x0000000002e23875
Event: 4.570 Thread 0x0000000002565800 Implicit null exception at 0x0000000002ee322f to 0x0000000002ee338d
Event: 4.573 Thread 0x0000000002565800 Implicit null exception at 0x0000000002c12227 to 0x0000000002c123cd
Event: 4.615 Thread 0x0000000002565800 Exception <a 'java/lang/NoSuchMethodError': java.lang.Object.lambda$and$0(Ljava/util/function/Predicate;Ljava/lang/Object;)Z> (0x00000000d6624560) thrown at [C:\re\workspace\8-2-build-windows-amd64-cygwin\jdk8u191\11896\hotspot\src\share\vm\interpreter\li
Event: 5.389 Thread 0x0000000002565800 Implicit null exception at 0x000000000304c3cb to 0x000000000304ed71
Event: 5.462 Thread 0x0000000002565800 Exception <a 'java/io/FileNotFoundException'> (0x00000000d8597658) thrown at [C:\re\workspace\8-2-build-windows-amd64-cygwin\jdk8u191\11896\hotspot\src\share\vm\prims\jni.cpp, line 709]

Events (10 events):
Event: 5.460 loading class org/apache/catalina/authenticator/LocalStrings
Event: 5.460 loading class org/apache/catalina/authenticator/LocalStrings done
Event: 5.472 loading class org/apache/tomcat/util/modeler/Util
Event: 5.472 loading class org/apache/tomcat/util/modeler/Util done
Event: 5.473 loading class org/apache/catalina/authenticator/SingleSignOn
Event: 5.473 loading class org/apache/catalina/authenticator/SingleSignOn done
Event: 5.474 loading class java/security/NoSuchProviderException
Event: 5.474 loading class java/security/NoSuchProviderException done
Event: 5.475 loading class org/apache/catalina/session/StandardManager
Event: 5.475 loading class org/apache/catalina/session/StandardManager done


Dynamic libraries:
0x00007ff6a9df0000 - 0x00007ff6a9e27000 	C:\Program Files\Java\jre1.8.0_191\bin\javaw.exe
0x00007ffed02e0000 - 0x00007ffed04d0000 	C:\WINDOWS\SYSTEM32\ntdll.dll
0x00007ffea7ce0000 - 0x00007ffea7cf4000 	C:\Program Files\AVAST Software\Avast\aswhook.dll
0x00007ffece900000 - 0x00007ffece9b2000 	C:\WINDOWS\System32\KERNEL32.DLL
0x00007ffecdb90000 - 0x00007ffecde33000 	C:\WINDOWS\System32\KERNELBASE.dll
0x00007ffecea00000 - 0x00007ffeceaa3000 	C:\WINDOWS\System32\ADVAPI32.dll
0x00007ffecfbd0000 - 0x00007ffecfc6e000 	C:\WINDOWS\System32\msvcrt.dll
0x00007ffed0040000 - 0x00007ffed00d7000 	C:\WINDOWS\System32\sechost.dll
0x00007ffecff20000 - 0x00007ffed0040000 	C:\WINDOWS\System32\RPCRT4.dll
0x00007ffececf0000 - 0x00007ffecee84000 	C:\WINDOWS\System32\USER32.dll
0x00007ffecdb10000 - 0x00007ffecdb31000 	C:\WINDOWS\System32\win32u.dll
0x00007ffeceab0000 - 0x00007ffecead6000 	C:\WINDOWS\System32\GDI32.dll
0x00007ffecde40000 - 0x00007ffecdfd4000 	C:\WINDOWS\System32\gdi32full.dll
0x00007ffece2f0000 - 0x00007ffece38e000 	C:\WINDOWS\System32\msvcp_win.dll
0x00007ffecda10000 - 0x00007ffecdb0a000 	C:\WINDOWS\System32\ucrtbase.dll
0x00007ffeb9bd0000 - 0x00007ffeb9e55000 	C:\WINDOWS\WinSxS\amd64_microsoft.windows.common-controls_6595b64144ccf1df_6.0.18362.535_none_e6c3b34713100821\COMCTL32.dll
0x00007ffece390000 - 0x00007ffece6c6000 	C:\WINDOWS\System32\combase.dll
0x00007ffece270000 - 0x00007ffece2f0000 	C:\WINDOWS\System32\bcryptPrimitives.dll
0x00007ffecf6c0000 - 0x00007ffecf6ee000 	C:\WINDOWS\System32\IMM32.DLL
0x0000000065d00000 - 0x0000000065dd2000 	C:\Program Files\Java\jre1.8.0_191\bin\msvcr100.dll
0x0000000065f90000 - 0x0000000066834000 	C:\Program Files\Java\jre1.8.0_191\bin\server\jvm.dll
0x00007ffecf650000 - 0x00007ffecf658000 	C:\WINDOWS\System32\PSAPI.DLL
0x00007ffebade0000 - 0x00007ffebade9000 	C:\WINDOWS\SYSTEM32\WSOCK32.dll
0x00007ffecec80000 - 0x00007ffececef000 	C:\WINDOWS\System32\WS2_32.dll
0x00007ffec6b60000 - 0x00007ffec6b84000 	C:\WINDOWS\SYSTEM32\WINMM.dll
0x00007ffec4050000 - 0x00007ffec405a000 	C:\WINDOWS\SYSTEM32\VERSION.dll
0x00007ffec6b30000 - 0x00007ffec6b5d000 	C:\WINDOWS\SYSTEM32\WINMMBASE.dll
0x00007ffecdb40000 - 0x00007ffecdb8a000 	C:\WINDOWS\System32\cfgmgr32.dll
0x0000000065ea0000 - 0x0000000065eaf000 	C:\Program Files\Java\jre1.8.0_191\bin\verify.dll
0x0000000065e70000 - 0x0000000065e99000 	C:\Program Files\Java\jre1.8.0_191\bin\java.dll
0x0000000065e50000 - 0x0000000065e66000 	C:\Program Files\Java\jre1.8.0_191\bin\zip.dll
0x00007ffecee90000 - 0x00007ffecf575000 	C:\WINDOWS\System32\SHELL32.dll
0x00007ffecfdf0000 - 0x00007ffecfe99000 	C:\WINDOWS\System32\shcore.dll
0x00007ffecd290000 - 0x00007ffecda0f000 	C:\WINDOWS\System32\windows.storage.dll
0x00007ffecd230000 - 0x00007ffecd24f000 	C:\WINDOWS\System32\profapi.dll
0x00007ffecd1c0000 - 0x00007ffecd20a000 	C:\WINDOWS\System32\powrprof.dll
0x00007ffecd1b0000 - 0x00007ffecd1c0000 	C:\WINDOWS\System32\UMPDC.dll
0x00007ffecec20000 - 0x00007ffecec72000 	C:\WINDOWS\System32\shlwapi.dll
0x00007ffecd210000 - 0x00007ffecd221000 	C:\WINDOWS\System32\kernel.appcore.dll
0x00007ffecd270000 - 0x00007ffecd287000 	C:\WINDOWS\System32\cryptsp.dll
0x0000000065e30000 - 0x0000000065e4a000 	C:\Program Files\Java\jre1.8.0_191\bin\net.dll
0x00007ffecca20000 - 0x00007ffecca87000 	C:\WINDOWS\system32\mswsock.dll
0x00007ffecc730000 - 0x00007ffecc76a000 	C:\WINDOWS\SYSTEM32\IPHLPAPI.DLL
0x00007ffece9f0000 - 0x00007ffece9f8000 	C:\WINDOWS\System32\NSI.dll
0x00007ffec40b0000 - 0x00007ffec40c6000 	C:\WINDOWS\SYSTEM32\dhcpcsvc6.DLL
0x00007ffec4090000 - 0x00007ffec40ac000 	C:\WINDOWS\SYSTEM32\dhcpcsvc.DLL
0x00007ffecc770000 - 0x00007ffecc83a000 	C:\WINDOWS\SYSTEM32\DNSAPI.dll
0x00007ffec10a0000 - 0x00007ffec10aa000 	C:\Windows\System32\rasadhlp.dll
0x00007ffec3140000 - 0x00007ffec31b7000 	C:\WINDOWS\System32\fwpuclnt.dll
0x00007ffece0f0000 - 0x00007ffece116000 	C:\WINDOWS\System32\bcrypt.dll
0x0000000066f60000 - 0x0000000066f6d000 	C:\Program Files\Java\jre1.8.0_191\bin\management.dll
0x00007ffeb0c40000 - 0x00007ffeb0c56000 	C:\WINDOWS\system32\napinsp.dll
0x00007ffeb0ba0000 - 0x00007ffeb0bba000 	C:\WINDOWS\system32\pnrpnsp.dll
0x00007ffeb0b90000 - 0x00007ffeb0b9e000 	C:\WINDOWS\System32\winrnr.dll
0x00007ffec8830000 - 0x00007ffec884c000 	C:\WINDOWS\system32\NLAapi.dll
0x00007ffec7fa0000 - 0x00007ffec7fb5000 	C:\WINDOWS\system32\wshbth.dll
0x0000000065e10000 - 0x0000000065e21000 	C:\Program Files\Java\jre1.8.0_191\bin\nio.dll
0x00007ffecc590000 - 0x00007ffecc5c3000 	C:\WINDOWS\system32\rsaenh.dll
0x00007ffecd0a0000 - 0x00007ffecd0c5000 	C:\WINDOWS\SYSTEM32\USERENV.dll
0x00007ffeccbf0000 - 0x00007ffeccbfc000 	C:\WINDOWS\SYSTEM32\CRYPTBASE.dll
0x00007ffecbac0000 - 0x00007ffecbcb4000 	C:\WINDOWS\SYSTEM32\dbghelp.dll

VM Arguments:
jvm_args: -Dfile.encoding=UTF-8 
java_command: com.microservice.configserver.ConfigServerApplication
java_class_path (initial): C:\Users\Milica\Documents\FTN_Master\SEP_UPP_UDD\ScientificCenter\config-server\target\classes;C:\Users\Milica\.m2\repository\org\springframework\cloud\spring-cloud-config-server\2.2.0.RELEASE\spring-cloud-config-server-2.2.0.RELEASE.jar;C:\Users\Milica\.m2\repository\org\springframework\cloud\spring-cloud-config-client\2.2.0.RELEASE\spring-cloud-config-client-2.2.0.RELEASE.jar;C:\Users\Milica\.m2\repository\org\springframework\boot\spring-boot-autoconfigure\2.2.1.RELEASE\spring-boot-autoconfigure-2.2.1.RELEASE.jar;C:\Users\Milica\.m2\repository\org\springframework\cloud\spring-cloud-commons\2.2.0.RELEASE\spring-cloud-commons-2.2.0.RELEASE.jar;C:\Users\Milica\.m2\repository\org\springframework\cloud\spring-cloud-context\2.2.0.RELEASE\spring-cloud-context-2.2.0.RELEASE.jar;C:\Users\Milica\.m2\repository\org\springframework\spring-web\5.2.1.RELEASE\spring-web-5.2.1.RELEASE.jar;C:\Users\Milica\.m2\repository\org\springframework\spring-beans\5.2.1.RELEASE\spring-beans-5.2.1.RELEASE.jar;C:\Users\Milica\.m2\repository\com\fasterxml\jackson\core\jackson-annotations\2.10.0\jackson-annotations-2.10.0.jar;C:\Users\Milica\.m2\repository\com\fasterxml\jackson\core\jackson-databind\2.10.0\jackson-databind-2.10.0.jar;C:\Users\Milica\.m2\repository\org\springframework\boot\spring-boot-starter-actuator\2.2.1.RELEASE\spring-boot-starter-actuator-2.2.1.RELEASE.jar;C:\Users\Milica\.m2\repository\org\springframework\boot\spring-boot-actuator-autoconfigure\2.2.1.RELEASE\spring-boot-actuator-autoconfigure-2.2.1.RELEASE.jar;C:\Users\Milica\.m2\repository\org\springframework\boot\spring-boot-actuator\2.2.1.RELEASE\spring-boot-actuator-2.2.1.RELEASE.jar;C:\Users\Milica\.m2\repository\org\springframework\spring-context\5.2.1.RELEASE\spring-context-5.2.1.RELEASE.jar;C:\Users\Milica\.m2\repository\com\fasterxml\jackson\datatype\jackson-datatype-jsr310\2.10.0\jackson-datatype-jsr310-2.10.0.jar;C:\Users\Milica\.m2\repository\io\micrometer\micrometer-core\1.3.1\microm
Launcher Type: SUN_STANDARD

Environment Variables:
JAVA_HOME=C:\Program Files\Java\jdk1.8.0_191
JRE_HOME=C:\Program Files\Java\jre1.8.0_191
PATH=C:/Program Files/Java/jre1.8.0_191/bin/server;C:/Program Files/Java/jre1.8.0_191/bin;C:/Program Files/Java/jre1.8.0_191/lib/amd64;C:\app\Milica\product\11.2.0\dbhome_1\bin;C:\Program Files (x86)\Common Files\Oracle\Java\javapath;C:\Program Files (x86)\Intel\Intel(R) Management Engine Components\iCLS\;C:\Program Files\Intel\Intel(R) Management Engine Components\iCLS\;C:\WINDOWS\system32;C:\WINDOWS;C:\WINDOWS\System32\Wbem;C:\WINDOWS\System32\WindowsPowerShell\v1.0\;C:\WINDOWS\System32\OpenSSH\;C:\Program Files (x86)\Intel\Intel(R) Management Engine Components\DAL;C:\Program Files\Intel\Intel(R) Management Engine Components\DAL;C:\Program Files (x86)\Intel\Intel(R) Management Engine Components\IPT;C:\Program Files\Intel\Intel(R) Management Engine Components\IPT;C:\Program Files (x86)\Microsoft SQL Server\Client SDK\ODBC\130\Tools\Binn\;C:\Program Files (x86)\Microsoft SQL Server\140\Tools\Binn\;C:\Program Files (x86)\Microsoft SQL Server\140\DTS\Binn\;C:\Program Files (x86)\Microsoft SQL Server\140\Tools\Binn\ManagementStudio\;C:\Program Files\nodejs\;C:\Program Files\Intel\WiFi\bin\;C:\Program Files\Common Files\Intel\WirelessCommon\;C:\Program Files\dotnet\;C:\Program Files\Microsoft SQL Server\130\Tools\Binn\;C:\Program Files\MATLAB\R2016a\runtime\win64;C:\Program Files\MATLAB\R2016a\bin;C:\Program Files\MATLAB\R2016a\polyspace\bin;C:\Users\Milica\Anaconda2;C:\Users\Milica\Anaconda2\Library\mingw-w64\bin;C:\Users\Milica\Anaconda2\Library\usr\bin;C:\Users\Milica\Anaconda2\Library\bin;C:\Users\Milica\Anaconda2\Scripts;C:\Users\Milica\AppData\Local\Microsoft\WindowsApps;C:\Program Files\Intel\WiFi\bin\;C:\Program Files\Common Files\Intel\WirelessCommon\;C:\Users\Milica\AppData\Local\GitHubDesktop\bin;C:\Users\Milica\AppData\Local\Programs\Microsoft VS Code\bin;C:\Users\Milica\AppData\Roaming\npm;C:\Users\Milica\AppData\Local\Microsoft\WindowsApps;;C:\Program Files\Docker Toolbox;C:\Program Files\heroku\bin;C:\WINDOWS\system32;
USERNAME=Milica
OS=Windows_NT
PROCESSOR_IDENTIFIER=Intel64 Family 6 Model 142 Stepping 10, GenuineIntel



---------------  S Y S T E M  ---------------

OS: Windows 10.0 , 64 bit Build 18362 (10.0.18362.329)

CPU:total 8 (initial active 8) (4 cores per cpu, 2 threads per core) family 6 model 142 stepping 10, cmov, cx8, fxsr, mmx, sse, sse2, sse3, ssse3, sse4.1, sse4.2, popcnt, avx, avx2, aes, clmul, erms, 3dnowpref, lzcnt, ht, tsc, tscinvbit, bmi1, bmi2, adx

Memory: 4k page, physical 8218788k(720880k free), swap 18180260k(2121456k free)

vm_info: Java HotSpot(TM) 64-Bit Server VM (25.191-b12) for windows-amd64 JRE (1.8.0_191-b12), built on Oct  6 2018 09:29:03 by "java_re" with MS VC++ 10.0 (VS2010)

time: Sat Dec 28 01:48:29 2019
elapsed time: 5 seconds (0d 0h 0m 5s)

