#
# A fatal error has been detected by the Java Runtime Environment:
#
#  EXCEPTION_ACCESS_VIOLATION (0xc0000005) at pc=0x0000000066891213, pid=15580, tid=0x0000000000003e14
#
# JRE version: Java(TM) SE Runtime Environment (8.0_191-b12) (build 1.8.0_191-b12)
# Java VM: Java HotSpot(TM) 64-Bit Server VM (25.191-b12 mixed mode windows-amd64 compressed oops)
# Problematic frame:
# V  [jvm.dll+0x471213]
#
# Failed to write core dump. Minidumps are not enabled by default on client versions of Windows
#
# If you would like to submit a bug report, please visit:
#   http://bugreport.java.com/bugreport/crash.jsp
#

---------------  T H R E A D  ---------------

Current thread (0x0000000019a95000):  JavaThread "C2 CompilerThread1" daemon [_thread_in_native, id=15892, stack(0x000000001a360000,0x000000001a460000)]

siginfo: ExceptionCode=0xc0000005, reading address 0xffffffffffffffff

Registers:
RAX=0x000000001bff8d50, RBX=0x000000001a45df40, RCX=0x0000000091600000, RDX=0x00000000200cdfd0
RSP=0x000000001a45dd30, RBP=0x0000000000000010, RSI=0x000000000000065b, RDI=0x800000001d5cc930
R8 =0x0000000000000029, R9 =0x0000000000200000, R10=0x0000000000000000, R11=0x00000000200cdfe0
R12=0x000000008000002e, R13=0x000000001bff8cb8, R14=0x0000000000000364, R15=0x0000000000001b20
RIP=0x0000000066891213, EFLAGS=0x0000000000010246

Top of Stack: (sp=0x000000001a45dd30)
0x000000001a45dd30:   000000001a45df40 000000000000010e
0x000000001a45dd40:   000000001a45e9f0 0000000066930876
0x000000001a45dd50:   0000000066a06868 000000001a45e9f0
0x000000001a45dd60:   000000002006e080 000000001a45df90
0x000000001a45dd70:   0000000019a91e60 0000000066931629
0x000000001a45dd80:   000000001a45de80 000000001a45df30
0x000000001a45dd90:   0000000000058220 000000001f829540
0x000000001a45dda0:   0000000020076068 0000000066899802
0x000000001a45ddb0:   0000000019a91e60 000000001a45deb0
0x000000001a45ddc0:   0000000020073090 000000002006e080
0x000000001a45ddd0:   0000000000000000 000000001a45f200
0x000000001a45dde0:   0000000000000004 000000001eab6810
0x000000001a45ddf0:   000000001a45f390 000000001a45f3a8
0x000000001a45de00:   0000000017b6b6f0 0000000000000004
0x000000001a45de10:   0000000000000000 0000000000000000
0x000000001a45de20:   0000000000000002 0000000000000000 

Instructions: (pc=0x0000000066891213)
0x00000000668911f3:   00 33 ed 44 8b e0 0f 1f 80 00 00 00 00 49 8b 45
0x0000000066891203:   08 48 8b 3c 28 48 85 ff 74 6c 40 f6 c7 01 75 66
0x0000000066891213:   48 83 3f fe 74 60 8b 4f 28 8b c1 c1 e8 05 3b 43
0x0000000066891223:   30 72 0f 48 8b 43 20 8b d1 48 8d 4b 20 ff 50 18 


Register to memory mapping:

RAX=0x000000001bff8d50 is an unknown value
RBX=0x000000001a45df40 is pointing into the stack for thread: 0x0000000019a95000
RCX=0x0000000091600000 is an unallocated location in the heap
RDX=0x00000000200cdfd0 is an unknown value
RSP=0x000000001a45dd30 is pointing into the stack for thread: 0x0000000019a95000
RBP=0x0000000000000010 is an unknown value
RSI=0x000000000000065b is an unknown value
RDI=0x800000001d5cc930 is an unknown value
R8 =0x0000000000000029 is an unknown value
R9 =0x0000000000200000 is an unknown value
R10=0x0000000000000000 is an unknown value
R11=0x00000000200cdfe0 is an unknown value
R12=0x000000008000002e is an unknown value
R13=0x000000001bff8cb8 is an unknown value
R14=0x0000000000000364 is an unknown value
R15=0x0000000000001b20 is an unknown value


Stack: [0x000000001a360000,0x000000001a460000],  sp=0x000000001a45dd30,  free space=1015k
Native frames: (J=compiled Java code, j=interpreted, Vv=VM code, C=native code)
V  [jvm.dll+0x471213]
V  [jvm.dll+0x511629]
V  [jvm.dll+0x479802]
V  [jvm.dll+0x45c162]
V  [jvm.dll+0xa6c82]
V  [jvm.dll+0xa75cf]
V  [jvm.dll+0x2461df]
V  [jvm.dll+0x29eb9a]
C  [msvcr100.dll+0x21d9f]
C  [msvcr100.dll+0x21e3b]
C  [KERNEL32.DLL+0x17bd4]
C  [ntdll.dll+0x6ced1]


Current CompileTask:
C2:   5256 3088       4       org.springframework.beans.factory.support.AbstractBeanFactory::isTypeMatch (607 bytes)


---------------  P R O C E S S  ---------------

Java Threads: ( => current thread )
  0x0000000019b28000 JavaThread "Service Thread" daemon [_thread_blocked, id=6536, stack(0x000000001a660000,0x000000001a760000)]
  0x0000000019aa7000 JavaThread "C1 CompilerThread3" daemon [_thread_blocked, id=21124, stack(0x000000001a560000,0x000000001a660000)]
  0x0000000019a9b800 JavaThread "C2 CompilerThread2" daemon [_thread_in_vm, id=16556, stack(0x000000001a460000,0x000000001a560000)]
=>0x0000000019a95000 JavaThread "C2 CompilerThread1" daemon [_thread_in_native, id=15892, stack(0x000000001a360000,0x000000001a460000)]
  0x0000000019a93000 JavaThread "C2 CompilerThread0" daemon [_thread_in_native, id=1480, stack(0x000000001a260000,0x000000001a360000)]
  0x0000000019a90000 JavaThread "Attach Listener" daemon [_thread_blocked, id=11860, stack(0x000000001a160000,0x000000001a260000)]
  0x0000000019a8f800 JavaThread "Signal Dispatcher" daemon [_thread_blocked, id=11280, stack(0x000000001a060000,0x000000001a160000)]
  0x0000000002c6e000 JavaThread "Finalizer" daemon [_thread_blocked, id=7884, stack(0x0000000019e60000,0x0000000019f60000)]
  0x0000000002c6d000 JavaThread "Reference Handler" daemon [_thread_blocked, id=10388, stack(0x0000000019960000,0x0000000019a60000)]
  0x0000000002b75800 JavaThread "main" [_thread_in_Java, id=11864, stack(0x0000000002a70000,0x0000000002b70000)]

Other Threads:
  0x0000000017b59800 VMThread [stack: 0x0000000019860000,0x0000000019960000] [id=11464]
  0x0000000019b53800 WatcherThread [stack: 0x000000001a760000,0x000000001a860000] [id=12840]

VM state:not at safepoint (normal execution)

VM Mutex/Monitor currently owned by a thread: None

Heap:
 PSYoungGen      total 70656K, used 60025K [0x00000000d6300000, 0x00000000dd680000, 0x0000000100000000)
  eden space 65536K, 83% used [0x00000000d6300000,0x00000000d989e9b0,0x00000000da300000)
  from space 5120K, 99% used [0x00000000da300000,0x00000000da7ffa58,0x00000000da800000)
  to   space 9216K, 0% used [0x00000000dcd80000,0x00000000dcd80000,0x00000000dd680000)
 ParOldGen       total 57344K, used 9456K [0x0000000082800000, 0x0000000086000000, 0x00000000d6300000)
  object space 57344K, 16% used [0x0000000082800000,0x000000008313c0e0,0x0000000086000000)
 Metaspace       used 29814K, capacity 31372K, committed 31488K, reserved 1077248K
  class space    used 4003K, capacity 4311K, committed 4352K, reserved 1048576K

Card table byte_map: [0x0000000012030000,0x0000000012420000] byte_map_base: 0x0000000011c1c000

Marking Bits: (ParMarkBitMap*) 0x0000000066c43e30
 Begin Bits: [0x0000000012ec0000, 0x0000000014e20000)
 End Bits:   [0x0000000014e20000, 0x0000000016d80000)

Polling page: 0x0000000000f50000

CodeCache: size=245760Kb used=10801Kb max_used=10824Kb free=234958Kb
 bounds [0x0000000002c70000, 0x0000000003710000, 0x0000000011c70000]
 total_blobs=3519 nmethods=3119 adapters=312
 compilation: enabled

Compilation events (10 events):
Event: 5.221 Thread 0x0000000019aa7000 3112       3       java.lang.reflect.Field::hashCode (19 bytes)
Event: 5.221 Thread 0x0000000019aa7000 nmethod 3112 0x00000000036e6010 code [0x00000000036e61a0, 0x00000000036e6708]
Event: 5.221 Thread 0x0000000019aa7000 3113       3       org.springframework.beans.factory.annotation.AutowiredAnnotationBeanPostProcessor$$Lambda$220/1124162665::doWith (13 bytes)
Event: 5.221 Thread 0x0000000019aa7000 nmethod 3113 0x00000000036e6890 code [0x00000000036e6a00, 0x00000000036e6ba8]
Event: 5.221 Thread 0x0000000019aa7000 3114       3       org.springframework.beans.factory.annotation.AutowiredAnnotationBeanPostProcessor::lambda$buildAutowiringMetadata$1 (87 bytes)
Event: 5.223 Thread 0x0000000019aa7000 nmethod 3114 0x00000000036e6c90 code [0x00000000036e6f40, 0x00000000036e8458]
Event: 5.223 Thread 0x0000000019aa7000 3111       3       org.springframework.util.ClassUtils::isOverridable (61 bytes)
Event: 5.224 Thread 0x0000000019aa7000 nmethod 3111 0x00000000036e8d50 code [0x00000000036e9020, 0x00000000036ea7a8]
Event: 5.224 Thread 0x0000000019aa7000 3115       3       java.util.ArrayList::addAll (92 bytes)
Event: 5.225 Thread 0x0000000019aa7000 nmethod 3115 0x00000000036eb1d0 code [0x00000000036eb3e0, 0x00000000036ebdd8]

GC Heap History (10 events):
Event: 1.471 GC heap before
{Heap before GC invocations=2 (full 0):
 PSYoungGen      total 37888K, used 37760K [0x00000000d6300000, 0x00000000d8d00000, 0x0000000100000000)
  eden space 32768K, 100% used [0x00000000d6300000,0x00000000d8300000,0x00000000d8300000)
  from space 5120K, 97% used [0x00000000d8300000,0x00000000d87e02c8,0x00000000d8800000)
  to   space 5120K, 0% used [0x00000000d8800000,0x00000000d8800000,0x00000000d8d00000)
 ParOldGen       total 86016K, used 16K [0x0000000082800000, 0x0000000087c00000, 0x00000000d6300000)
  object space 86016K, 0% used [0x0000000082800000,0x0000000082804000,0x0000000087c00000)
 Metaspace       used 13062K, capacity 13452K, committed 13696K, reserved 1060864K
  class space    used 1690K, capacity 1805K, committed 1920K, reserved 1048576K
Event: 1.478 GC heap after
Heap after GC invocations=2 (full 0):
 PSYoungGen      total 37888K, used 5103K [0x00000000d6300000, 0x00000000dad00000, 0x0000000100000000)
  eden space 32768K, 0% used [0x00000000d6300000,0x00000000d6300000,0x00000000d8300000)
  from space 5120K, 99% used [0x00000000d8800000,0x00000000d8cfbf48,0x00000000d8d00000)
  to   space 5120K, 0% used [0x00000000d8300000,0x00000000d8300000,0x00000000d8800000)
 ParOldGen       total 86016K, used 725K [0x0000000082800000, 0x0000000087c00000, 0x00000000d6300000)
  object space 86016K, 0% used [0x0000000082800000,0x00000000828b5640,0x0000000087c00000)
 Metaspace       used 13062K, capacity 13452K, committed 13696K, reserved 1060864K
  class space    used 1690K, capacity 1805K, committed 1920K, reserved 1048576K
}
Event: 2.277 GC heap before
{Heap before GC invocations=3 (full 0):
 PSYoungGen      total 37888K, used 37871K [0x00000000d6300000, 0x00000000dad00000, 0x0000000100000000)
  eden space 32768K, 100% used [0x00000000d6300000,0x00000000d8300000,0x00000000d8300000)
  from space 5120K, 99% used [0x00000000d8800000,0x00000000d8cfbf48,0x00000000d8d00000)
  to   space 5120K, 0% used [0x00000000d8300000,0x00000000d8300000,0x00000000d8800000)
 ParOldGen       total 86016K, used 725K [0x0000000082800000, 0x0000000087c00000, 0x00000000d6300000)
  object space 86016K, 0% used [0x0000000082800000,0x00000000828b5640,0x0000000087c00000)
 Metaspace       used 17964K, capacity 18572K, committed 18688K, reserved 1064960K
  class space    used 2358K, capacity 2535K, committed 2560K, reserved 1048576K
Event: 2.283 GC heap after
Heap after GC invocations=3 (full 0):
 PSYoungGen      total 37888K, used 5090K [0x00000000d6300000, 0x00000000dad00000, 0x0000000100000000)
  eden space 32768K, 0% used [0x00000000d6300000,0x00000000d6300000,0x00000000d8300000)
  from space 5120K, 99% used [0x00000000d8300000,0x00000000d87f89a0,0x00000000d8800000)
  to   space 5120K, 0% used [0x00000000da800000,0x00000000da800000,0x00000000dad00000)
 ParOldGen       total 86016K, used 4044K [0x0000000082800000, 0x0000000087c00000, 0x00000000d6300000)
  object space 86016K, 4% used [0x0000000082800000,0x0000000082bf30d8,0x0000000087c00000)
 Metaspace       used 17964K, capacity 18572K, committed 18688K, reserved 1064960K
  class space    used 2358K, capacity 2535K, committed 2560K, reserved 1048576K
}
Event: 2.559 GC heap before
{Heap before GC invocations=4 (full 0):
 PSYoungGen      total 37888K, used 24103K [0x00000000d6300000, 0x00000000dad00000, 0x0000000100000000)
  eden space 32768K, 58% used [0x00000000d6300000,0x00000000d75914a8,0x00000000d8300000)
  from space 5120K, 99% used [0x00000000d8300000,0x00000000d87f89a0,0x00000000d8800000)
  to   space 5120K, 0% used [0x00000000da800000,0x00000000da800000,0x00000000dad00000)
 ParOldGen       total 86016K, used 4044K [0x0000000082800000, 0x0000000087c00000, 0x00000000d6300000)
  object space 86016K, 4% used [0x0000000082800000,0x0000000082bf30d8,0x0000000087c00000)
 Metaspace       used 20542K, capacity 21254K, committed 21296K, reserved 1067008K
  class space    used 2719K, capacity 2918K, committed 2944K, reserved 1048576K
Event: 2.566 GC heap after
Heap after GC invocations=4 (full 0):
 PSYoungGen      total 70656K, used 5102K [0x00000000d6300000, 0x00000000dad00000, 0x0000000100000000)
  eden space 65536K, 0% used [0x00000000d6300000,0x00000000d6300000,0x00000000da300000)
  from space 5120K, 99% used [0x00000000da800000,0x00000000dacfbae8,0x00000000dad00000)
  to   space 5120K, 0% used [0x00000000da300000,0x00000000da300000,0x00000000da800000)
 ParOldGen       total 86016K, used 5674K [0x0000000082800000, 0x0000000087c00000, 0x00000000d6300000)
  object space 86016K, 6% used [0x0000000082800000,0x0000000082d8abc8,0x0000000087c00000)
 Metaspace       used 20542K, capacity 21254K, committed 21296K, reserved 1067008K
  class space    used 2719K, capacity 2918K, committed 2944K, reserved 1048576K
}
Event: 2.566 GC heap before
{Heap before GC invocations=5 (full 1):
 PSYoungGen      total 70656K, used 5102K [0x00000000d6300000, 0x00000000dad00000, 0x0000000100000000)
  eden space 65536K, 0% used [0x00000000d6300000,0x00000000d6300000,0x00000000da300000)
  from space 5120K, 99% used [0x00000000da800000,0x00000000dacfbae8,0x00000000dad00000)
  to   space 5120K, 0% used [0x00000000da300000,0x00000000da300000,0x00000000da800000)
 ParOldGen       total 86016K, used 5674K [0x0000000082800000, 0x0000000087c00000, 0x00000000d6300000)
  object space 86016K, 6% used [0x0000000082800000,0x0000000082d8abc8,0x0000000087c00000)
 Metaspace       used 20542K, capacity 21254K, committed 21296K, reserved 1067008K
  class space    used 2719K, capacity 2918K, committed 2944K, reserved 1048576K
Event: 2.594 GC heap after
Heap after GC invocations=5 (full 1):
 PSYoungGen      total 70656K, used 0K [0x00000000d6300000, 0x00000000dad00000, 0x0000000100000000)
  eden space 65536K, 0% used [0x00000000d6300000,0x00000000d6300000,0x00000000da300000)
  from space 5120K, 0% used [0x00000000da800000,0x00000000da800000,0x00000000dad00000)
  to   space 5120K, 0% used [0x00000000da300000,0x00000000da300000,0x00000000da800000)
 ParOldGen       total 57344K, used 6540K [0x0000000082800000, 0x0000000086000000, 0x00000000d6300000)
  object space 57344K, 11% used [0x0000000082800000,0x0000000082e632b8,0x0000000086000000)
 Metaspace       used 20541K, capacity 21248K, committed 21296K, reserved 1067008K
  class space    used 2718K, capacity 2917K, committed 2944K, reserved 1048576K
}
Event: 4.076 GC heap before
{Heap before GC invocations=6 (full 1):
 PSYoungGen      total 70656K, used 65536K [0x00000000d6300000, 0x00000000dad00000, 0x0000000100000000)
  eden space 65536K, 100% used [0x00000000d6300000,0x00000000da300000,0x00000000da300000)
  from space 5120K, 0% used [0x00000000da800000,0x00000000da800000,0x00000000dad00000)
  to   space 5120K, 0% used [0x00000000da300000,0x00000000da300000,0x00000000da800000)
 ParOldGen       total 57344K, used 6540K [0x0000000082800000, 0x0000000086000000, 0x00000000d6300000)
  object space 57344K, 11% used [0x0000000082800000,0x0000000082e632b8,0x0000000086000000)
 Metaspace       used 25080K, capacity 26092K, committed 26368K, reserved 1073152K
  class space    used 3294K, capacity 3517K, committed 3584K, reserved 1048576K
Event: 4.083 GC heap after
Heap after GC invocations=6 (full 1):
 PSYoungGen      total 70656K, used 5118K [0x00000000d6300000, 0x00000000dd680000, 0x0000000100000000)
  eden space 65536K, 0% used [0x00000000d6300000,0x00000000d6300000,0x00000000da300000)
  from space 5120K, 99% used [0x00000000da300000,0x00000000da7ffa58,0x00000000da800000)
  to   space 9216K, 0% used [0x00000000dcd80000,0x00000000dcd80000,0x00000000dd680000)
 ParOldGen       total 57344K, used 9456K [0x0000000082800000, 0x0000000086000000, 0x00000000d6300000)
  object space 57344K, 16% used [0x0000000082800000,0x000000008313c0e0,0x0000000086000000)
 Metaspace       used 25080K, capacity 26092K, committed 26368K, reserved 1073152K
  class space    used 3294K, capacity 3517K, committed 3584K, reserved 1048576K
}

Deoptimization events (10 events):
Event: 5.118 Thread 0x0000000002b75800 Uncommon trap: reason=null_check action=make_not_entrant pc=0x00000000034fcd68 method=org.springframework.beans.factory.support.DefaultListableBeanFactory.getBeanDefinition(Ljava/lang/String;)Lorg/springframework/beans/factory/config/BeanDefinition; @ 10
Event: 5.121 Thread 0x0000000002b75800 Uncommon trap: reason=class_check action=maybe_recompile pc=0x00000000033ed194 method=org.springframework.boot.context.properties.source.SpringConfigurationPropertySources$SourcesIterator.fetchNext()Lorg/springframework/boot/context/properties/source/Conf
Event: 5.122 Thread 0x0000000002b75800 Uncommon trap: reason=class_check action=maybe_recompile pc=0x00000000033ed194 method=org.springframework.boot.context.properties.source.SpringConfigurationPropertySources$SourcesIterator.fetchNext()Lorg/springframework/boot/context/properties/source/Conf
Event: 5.122 Thread 0x0000000002b75800 Uncommon trap: reason=class_check action=maybe_recompile pc=0x00000000033ed194 method=org.springframework.boot.context.properties.source.SpringConfigurationPropertySources$SourcesIterator.fetchNext()Lorg/springframework/boot/context/properties/source/Conf
Event: 5.122 Thread 0x0000000002b75800 Uncommon trap: reason=class_check action=maybe_recompile pc=0x00000000033ed194 method=org.springframework.boot.context.properties.source.SpringConfigurationPropertySources$SourcesIterator.fetchNext()Lorg/springframework/boot/context/properties/source/Conf
Event: 5.125 Thread 0x0000000002b75800 Uncommon trap: reason=unstable_if action=reinterpret pc=0x0000000003225560 method=org.springframework.boot.context.properties.source.ConfigurationPropertyName$Elements.charAt(II)C @ 13
Event: 5.125 Thread 0x0000000002b75800 Uncommon trap: reason=unstable_if action=reinterpret pc=0x00000000031f87a8 method=org.springframework.boot.context.properties.source.ConfigurationPropertyName$Elements.charAt(II)C @ 13
Event: 5.125 Thread 0x0000000002b75800 Uncommon trap: reason=unstable_if action=reinterpret pc=0x000000000329f3c8 method=org.springframework.boot.context.properties.source.ConfigurationPropertyName$Elements.charAt(II)C @ 13
Event: 5.212 Thread 0x0000000002b75800 Uncommon trap: reason=unstable_if action=reinterpret pc=0x000000000368c920 method=java.util.Properties$LineReader.readLine()I @ 180
Event: 5.212 Thread 0x0000000002b75800 Uncommon trap: reason=unstable_if action=reinterpret pc=0x0000000003286d94 method=java.util.Properties$LineReader.readLine()I @ 180

Classes redefined (0 events):
No events

Internal exceptions (10 events):
Event: 3.524 Thread 0x0000000002b75800 Exception <a 'java/lang/ClassNotFoundException': org/springframework/beans/factory/BeanClassLoaderAwareCustomizer> (0x00000000d7433d88) thrown at [C:\re\workspace\8-2-build-windows-amd64-cygwin\jdk8u191\11896\hotspot\src\share\vm\classfile\systemDictionar
Event: 3.525 Thread 0x0000000002b75800 Exception <a 'java/lang/ClassNotFoundException': org/springframework/beans/factory/AwareCustomizer> (0x00000000d7444740) thrown at [C:\re\workspace\8-2-build-windows-amd64-cygwin\jdk8u191\11896\hotspot\src\share\vm\classfile\systemDictionary.cpp, line 210
Event: 3.526 Thread 0x0000000002b75800 Exception <a 'java/lang/ClassNotFoundException': org/springframework/context/EnvironmentAwareCustomizer> (0x00000000d7454f00) thrown at [C:\re\workspace\8-2-build-windows-amd64-cygwin\jdk8u191\11896\hotspot\src\share\vm\classfile\systemDictionary.cpp, lin
Event: 3.526 Thread 0x0000000002b75800 Exception <a 'java/lang/ClassNotFoundException': org/springframework/beans/factory/AwareCustomizer> (0x00000000d7465768) thrown at [C:\re\workspace\8-2-build-windows-amd64-cygwin\jdk8u191\11896\hotspot\src\share\vm\classfile\systemDictionary.cpp, line 210
Event: 3.617 Thread 0x0000000002b75800 Exception <a 'java/lang/IncompatibleClassChangeError': Found class java.lang.Object, but interface was expected> (0x00000000d7d57888) thrown at [C:\re\workspace\8-2-build-windows-amd64-cygwin\jdk8u191\11896\hotspot\src\share\vm\interpreter\linkResolver.cp
Event: 5.118 Thread 0x0000000002b75800 Implicit null exception at 0x00000000034fcbff to 0x00000000034fcd5d
Event: 5.125 Thread 0x0000000002b75800 Implicit null exception at 0x00000000032239b7 to 0x000000000322551f
Event: 5.125 Thread 0x0000000002b75800 Implicit null exception at 0x00000000031f85e7 to 0x00000000031f878d
Event: 5.125 Thread 0x0000000002b75800 Implicit null exception at 0x000000000329c21a to 0x000000000329f368
Event: 5.172 Thread 0x0000000002b75800 Exception <a 'java/lang/NoSuchMethodError': java.lang.Object.lambda$and$0(Ljava/util/function/Predicate;Ljava/lang/Object;)Z> (0x00000000d94ecb88) thrown at [C:\re\workspace\8-2-build-windows-amd64-cygwin\jdk8u191\11896\hotspot\src\share\vm\interpreter\li

Events (10 events):
Event: 5.222 loading class javax/servlet/MultipartConfigElement
Event: 5.222 loading class javax/servlet/MultipartConfigElement done
Event: 5.222 loading class org/springframework/boot/autoconfigure/web/servlet/DispatcherServletRegistrationBean
Event: 5.222 loading class org/springframework/boot/autoconfigure/web/servlet/DispatcherServletRegistrationBean done
Event: 5.223 Thread 0x0000000002b75800 DEOPT PACKING pc=0x00000000035e51e8 sp=0x0000000002b6c040
Event: 5.223 Thread 0x0000000002b75800 DEOPT UNPACKING pc=0x0000000002cb7890 sp=0x0000000002b6bd30 mode 0
Event: 5.225 loading class org/springframework/boot/context/properties/source/UnboundElementsSourceFilter
Event: 5.225 loading class org/springframework/boot/context/properties/source/UnboundElementsSourceFilter done
Event: 5.225 loading class org/springframework/boot/context/properties/bind/handler/NoUnboundElementsBindHandler
Event: 5.225 loading class org/springframework/boot/context/properties/bind/handler/NoUnboundElementsBindHandler done


Dynamic libraries:
0x00007ff652fd0000 - 0x00007ff653007000 	C:\Program Files\Java\jre1.8.0_191\bin\javaw.exe
0x00007ffed02e0000 - 0x00007ffed04d0000 	C:\WINDOWS\SYSTEM32\ntdll.dll
0x00007ffea7ce0000 - 0x00007ffea7cf4000 	C:\Program Files\AVAST Software\Avast\aswhook.dll
0x00007ffece900000 - 0x00007ffece9b2000 	C:\WINDOWS\System32\KERNEL32.DLL
0x00007ffecdb90000 - 0x00007ffecde33000 	C:\WINDOWS\System32\KERNELBASE.dll
0x00007ffecea00000 - 0x00007ffeceaa3000 	C:\WINDOWS\System32\ADVAPI32.dll
0x00007ffecfbd0000 - 0x00007ffecfc6e000 	C:\WINDOWS\System32\msvcrt.dll
0x00007ffed0040000 - 0x00007ffed00d7000 	C:\WINDOWS\System32\sechost.dll
0x00007ffecff20000 - 0x00007ffed0040000 	C:\WINDOWS\System32\RPCRT4.dll
0x00007ffececf0000 - 0x00007ffecee84000 	C:\WINDOWS\System32\USER32.dll
0x00007ffecdb10000 - 0x00007ffecdb31000 	C:\WINDOWS\System32\win32u.dll
0x00007ffeceab0000 - 0x00007ffecead6000 	C:\WINDOWS\System32\GDI32.dll
0x00007ffecde40000 - 0x00007ffecdfd4000 	C:\WINDOWS\System32\gdi32full.dll
0x00007ffece2f0000 - 0x00007ffece38e000 	C:\WINDOWS\System32\msvcp_win.dll
0x00007ffecda10000 - 0x00007ffecdb0a000 	C:\WINDOWS\System32\ucrtbase.dll
0x00007ffeb9bd0000 - 0x00007ffeb9e55000 	C:\WINDOWS\WinSxS\amd64_microsoft.windows.common-controls_6595b64144ccf1df_6.0.18362.535_none_e6c3b34713100821\COMCTL32.dll
0x00007ffece390000 - 0x00007ffece6c6000 	C:\WINDOWS\System32\combase.dll
0x00007ffece270000 - 0x00007ffece2f0000 	C:\WINDOWS\System32\bcryptPrimitives.dll
0x00007ffecf6c0000 - 0x00007ffecf6ee000 	C:\WINDOWS\System32\IMM32.DLL
0x0000000066160000 - 0x0000000066232000 	C:\Program Files\Java\jre1.8.0_191\bin\msvcr100.dll
0x0000000066420000 - 0x0000000066cc4000 	C:\Program Files\Java\jre1.8.0_191\bin\server\jvm.dll
0x00007ffecf650000 - 0x00007ffecf658000 	C:\WINDOWS\System32\PSAPI.DLL
0x00007ffebade0000 - 0x00007ffebade9000 	C:\WINDOWS\SYSTEM32\WSOCK32.dll
0x00007ffecec80000 - 0x00007ffececef000 	C:\WINDOWS\System32\WS2_32.dll
0x00007ffec6b60000 - 0x00007ffec6b84000 	C:\WINDOWS\SYSTEM32\WINMM.dll
0x00007ffec4050000 - 0x00007ffec405a000 	C:\WINDOWS\SYSTEM32\VERSION.dll
0x00007ffec6b30000 - 0x00007ffec6b5d000 	C:\WINDOWS\SYSTEM32\WINMMBASE.dll
0x00007ffecdb40000 - 0x00007ffecdb8a000 	C:\WINDOWS\System32\cfgmgr32.dll
0x0000000066330000 - 0x000000006633f000 	C:\Program Files\Java\jre1.8.0_191\bin\verify.dll
0x0000000066300000 - 0x0000000066329000 	C:\Program Files\Java\jre1.8.0_191\bin\java.dll
0x00000000662e0000 - 0x00000000662f6000 	C:\Program Files\Java\jre1.8.0_191\bin\zip.dll
0x00007ffecee90000 - 0x00007ffecf575000 	C:\WINDOWS\System32\SHELL32.dll
0x00007ffecfdf0000 - 0x00007ffecfe99000 	C:\WINDOWS\System32\shcore.dll
0x00007ffecd290000 - 0x00007ffecda0f000 	C:\WINDOWS\System32\windows.storage.dll
0x00007ffecd230000 - 0x00007ffecd24f000 	C:\WINDOWS\System32\profapi.dll
0x00007ffecd1c0000 - 0x00007ffecd20a000 	C:\WINDOWS\System32\powrprof.dll
0x00007ffecd1b0000 - 0x00007ffecd1c0000 	C:\WINDOWS\System32\UMPDC.dll
0x00007ffecec20000 - 0x00007ffecec72000 	C:\WINDOWS\System32\shlwapi.dll
0x00007ffecd210000 - 0x00007ffecd221000 	C:\WINDOWS\System32\kernel.appcore.dll
0x00007ffecd270000 - 0x00007ffecd287000 	C:\WINDOWS\System32\cryptsp.dll
0x00000000662c0000 - 0x00000000662da000 	C:\Program Files\Java\jre1.8.0_191\bin\net.dll
0x00007ffecca20000 - 0x00007ffecca87000 	C:\WINDOWS\system32\mswsock.dll
0x00007ffecc730000 - 0x00007ffecc76a000 	C:\WINDOWS\SYSTEM32\IPHLPAPI.DLL
0x00007ffece9f0000 - 0x00007ffece9f8000 	C:\WINDOWS\System32\NSI.dll
0x00007ffec40b0000 - 0x00007ffec40c6000 	C:\WINDOWS\SYSTEM32\dhcpcsvc6.DLL
0x00007ffec4090000 - 0x00007ffec40ac000 	C:\WINDOWS\SYSTEM32\dhcpcsvc.DLL
0x00007ffecc770000 - 0x00007ffecc83a000 	C:\WINDOWS\SYSTEM32\DNSAPI.dll
0x00007ffec10a0000 - 0x00007ffec10aa000 	C:\Windows\System32\rasadhlp.dll
0x00007ffec3140000 - 0x00007ffec31b7000 	C:\WINDOWS\System32\fwpuclnt.dll
0x00007ffece0f0000 - 0x00007ffece116000 	C:\WINDOWS\System32\bcrypt.dll
0x0000000066150000 - 0x000000006615d000 	C:\Program Files\Java\jre1.8.0_191\bin\management.dll
0x00007ffeb0c40000 - 0x00007ffeb0c56000 	C:\WINDOWS\system32\napinsp.dll
0x00007ffeb0ba0000 - 0x00007ffeb0bba000 	C:\WINDOWS\system32\pnrpnsp.dll
0x00007ffeb0b90000 - 0x00007ffeb0b9e000 	C:\WINDOWS\System32\winrnr.dll
0x00007ffec8830000 - 0x00007ffec884c000 	C:\WINDOWS\system32\NLAapi.dll
0x00007ffec7fa0000 - 0x00007ffec7fb5000 	C:\WINDOWS\system32\wshbth.dll
0x00000000662a0000 - 0x00000000662b1000 	C:\Program Files\Java\jre1.8.0_191\bin\nio.dll
0x00007ffecbac0000 - 0x00007ffecbcb4000 	C:\WINDOWS\SYSTEM32\dbghelp.dll
0x00007ffecc590000 - 0x00007ffecc5c3000 	C:\WINDOWS\system32\rsaenh.dll

VM Arguments:
jvm_args: -Dfile.encoding=UTF-8 
java_command: com.microservice.configserver.ConfigServerApplication
java_class_path (initial): C:\Users\Milica\Documents\FTN_Master\SEP_UPP_UDD\ScientificCenter\config-server\target\classes;C:\Users\Milica\.m2\repository\org\springframework\cloud\spring-cloud-config-server\2.2.0.RELEASE\spring-cloud-config-server-2.2.0.RELEASE.jar;C:\Users\Milica\.m2\repository\org\springframework\cloud\spring-cloud-config-client\2.2.0.RELEASE\spring-cloud-config-client-2.2.0.RELEASE.jar;C:\Users\Milica\.m2\repository\org\springframework\boot\spring-boot-autoconfigure\2.2.1.RELEASE\spring-boot-autoconfigure-2.2.1.RELEASE.jar;C:\Users\Milica\.m2\repository\org\springframework\cloud\spring-cloud-commons\2.2.0.RELEASE\spring-cloud-commons-2.2.0.RELEASE.jar;C:\Users\Milica\.m2\repository\org\springframework\cloud\spring-cloud-context\2.2.0.RELEASE\spring-cloud-context-2.2.0.RELEASE.jar;C:\Users\Milica\.m2\repository\org\springframework\spring-web\5.2.1.RELEASE\spring-web-5.2.1.RELEASE.jar;C:\Users\Milica\.m2\repository\org\springframework\spring-beans\5.2.1.RELEASE\spring-beans-5.2.1.RELEASE.jar;C:\Users\Milica\.m2\repository\com\fasterxml\jackson\core\jackson-annotations\2.10.0\jackson-annotations-2.10.0.jar;C:\Users\Milica\.m2\repository\com\fasterxml\jackson\core\jackson-databind\2.10.0\jackson-databind-2.10.0.jar;C:\Users\Milica\.m2\repository\org\springframework\boot\spring-boot-starter-actuator\2.2.1.RELEASE\spring-boot-starter-actuator-2.2.1.RELEASE.jar;C:\Users\Milica\.m2\repository\org\springframework\boot\spring-boot-actuator-autoconfigure\2.2.1.RELEASE\spring-boot-actuator-autoconfigure-2.2.1.RELEASE.jar;C:\Users\Milica\.m2\repository\org\springframework\boot\spring-boot-actuator\2.2.1.RELEASE\spring-boot-actuator-2.2.1.RELEASE.jar;C:\Users\Milica\.m2\repository\org\springframework\spring-context\5.2.1.RELEASE\spring-context-5.2.1.RELEASE.jar;C:\Users\Milica\.m2\repository\com\fasterxml\jackson\datatype\jackson-datatype-jsr310\2.10.0\jackson-datatype-jsr310-2.10.0.jar;C:\Users\Milica\.m2\repository\io\micrometer\micrometer-core\1.3.1\microm
Launcher Type: SUN_STANDARD

Environment Variables:
JAVA_HOME=C:\Program Files\Java\jdk1.8.0_191
JRE_HOME=C:\Program Files\Java\jre1.8.0_191
PATH=C:/Program Files/Java/jre1.8.0_191/bin/server;C:/Program Files/Java/jre1.8.0_191/bin;C:/Program Files/Java/jre1.8.0_191/lib/amd64;C:\app\Milica\product\11.2.0\dbhome_1\bin;C:\Program Files (x86)\Common Files\Oracle\Java\javapath;C:\Program Files (x86)\Intel\Intel(R) Management Engine Components\iCLS\;C:\Program Files\Intel\Intel(R) Management Engine Components\iCLS\;C:\WINDOWS\system32;C:\WINDOWS;C:\WINDOWS\System32\Wbem;C:\WINDOWS\System32\WindowsPowerShell\v1.0\;C:\WINDOWS\System32\OpenSSH\;C:\Program Files (x86)\Intel\Intel(R) Management Engine Components\DAL;C:\Program Files\Intel\Intel(R) Management Engine Components\DAL;C:\Program Files (x86)\Intel\Intel(R) Management Engine Components\IPT;C:\Program Files\Intel\Intel(R) Management Engine Components\IPT;C:\Program Files (x86)\Microsoft SQL Server\Client SDK\ODBC\130\Tools\Binn\;C:\Program Files (x86)\Microsoft SQL Server\140\Tools\Binn\;C:\Program Files (x86)\Microsoft SQL Server\140\DTS\Binn\;C:\Program Files (x86)\Microsoft SQL Server\140\Tools\Binn\ManagementStudio\;C:\Program Files\nodejs\;C:\Program Files\Intel\WiFi\bin\;C:\Program Files\Common Files\Intel\WirelessCommon\;C:\Program Files\dotnet\;C:\Program Files\Microsoft SQL Server\130\Tools\Binn\;C:\Program Files\MATLAB\R2016a\runtime\win64;C:\Program Files\MATLAB\R2016a\bin;C:\Program Files\MATLAB\R2016a\polyspace\bin;C:\Users\Milica\Anaconda2;C:\Users\Milica\Anaconda2\Library\mingw-w64\bin;C:\Users\Milica\Anaconda2\Library\usr\bin;C:\Users\Milica\Anaconda2\Library\bin;C:\Users\Milica\Anaconda2\Scripts;C:\Users\Milica\AppData\Local\Microsoft\WindowsApps;C:\Program Files\Intel\WiFi\bin\;C:\Program Files\Common Files\Intel\WirelessCommon\;C:\Users\Milica\AppData\Local\GitHubDesktop\bin;C:\Users\Milica\AppData\Local\Programs\Microsoft VS Code\bin;C:\Users\Milica\AppData\Roaming\npm;C:\Users\Milica\AppData\Local\Microsoft\WindowsApps;;C:\Program Files\Docker Toolbox;C:\Program Files\heroku\bin;C:\Users\Milica\Desktop;
USERNAME=Milica
OS=Windows_NT
PROCESSOR_IDENTIFIER=Intel64 Family 6 Model 142 Stepping 10, GenuineIntel



---------------  S Y S T E M  ---------------

OS: Windows 10.0 , 64 bit Build 18362 (10.0.18362.329)

CPU:total 8 (initial active 8) (4 cores per cpu, 2 threads per core) family 6 model 142 stepping 10, cmov, cx8, fxsr, mmx, sse, sse2, sse3, ssse3, sse4.1, sse4.2, popcnt, avx, avx2, aes, clmul, erms, 3dnowpref, lzcnt, ht, tsc, tscinvbit, bmi1, bmi2, adx

Memory: 4k page, physical 8218788k(1202328k free), swap 18180260k(5468664k free)

vm_info: Java HotSpot(TM) 64-Bit Server VM (25.191-b12) for windows-amd64 JRE (1.8.0_191-b12), built on Oct  6 2018 09:29:03 by "java_re" with MS VC++ 10.0 (VS2010)

time: Sat Dec 28 02:24:24 2019
elapsed time: 5 seconds (0d 0h 0m 5s)

